# Derivatives solution step at time 0 performed in 1 iterations with 3.10219e-07 error
# Key for lines starting with "Step":
# Step Time TStep NIter ResErr SolErr SolConv Out
Step 0 0 0 1 3.10219e-07 0 0 1
Step 1 0.001 0.001 1 0 0 0 1
Step 2 0.002 0.001 0 3.10219e-07 0 0 1
Step 3 0.003 0.001 0 6.20439e-07 0 0 1
Step 4 0.004 0.001 0 9.30658e-07 0 0 1
Step 5 0.005 0.001 1 3.55271e-15 0 0 1
Step 6 0.006 0.001 1 1.2307e-14 0 0 1
Step 7 0.007 0.001 1 1.2307e-14 0 0 1
Step 8 0.008 0.001 0 3.44688e-07 0 0 1
Step 9 0.009 0.001 0 1.14896e-07 0 0 1
Step 10 0.01 0.001 0 8.42571e-07 0 0 1
Step 11 0.011 0.001 0 2.55326e-08 0 0 1
Step 12 0.012 0.001 1 1.2309e-14 0 0 1
Step 13 0.013 0.001 0 8.75189e-07 0 0 1
Step 14 0.014 0.001 0 2.49178e-07 0 0 1
Step 15 0.015 0.001 1 5.0292e-15 0 0 1
Step 16 0.016 0.001 0 1.68851e-07 0 0 1
Step 17 0.017 0.001 0 4.7158e-07 0 0 1
Step 18 0.018 0.001 0 5.51178e-07 0 0 1
Step 19 0.019 0.001 1 0 0 0 1
Step 20 0.02 0.001 0 8.34345e-07 0 0 1
Step 21 0.021 0.001 0 6.40513e-07 0 0 1
Step 22 0.022 0.001 1 1.2339e-14 0 0 1
Step 23 0.023 0.001 1 1.66637e-14 0 0 1
Step 24 0.024 0.001 0 2.98412e-07 0 0 1
Step 25 0.025 0.001 0 9.94728e-08 0 0 1
Step 26 0.026 0.001 0 7.29457e-07 0 0 1
Step 27 0.027 0.001 0 2.20999e-08 0 0 1
Step 28 0.028 0.001 1 0 0 0 1
Step 29 0.029 0.001 0 7.57683e-07 0 0 1
Step 30 0.03 0.001 0 2.15732e-07 0 0 1
Step 31 0.031 0.001 1 1.18164e-14 0 0 1
Step 32 0.032 0.001 0 1.46161e-07 0 0 1
Step 33 0.033 0.001 0 4.08274e-07 0 0 1
Step 34 0.034 0.001 0 4.77127e-07 0 0 1
Step 35 0.035 0.001 0 8.68097e-07 0 0 1
Step 36 0.036 0.001 0 7.2222e-07 0 0 1
Step 37 0.037 0.001 1 5.12149e-15 0 0 1
Step 38 0.038 0.001 0 7.28895e-07 0 0 1
Step 39 0.039 0.001 0 9.6077e-07 0 0 1
Step 40 0.04 0.001 1 5.0243e-15 0 0 1
Step 41 0.041 0.001 1 5.0243e-15 0 0 1
Step 42 0.042 0.001 0 6.02529e-07 0 0 1
Step 43 0.043 0.001 0 2.00844e-07 0 0 1
Step 44 0.044 0.001 1 1.59378e-14 0 0 1
Step 45 0.045 0.001 0 4.46292e-08 0 0 1
Step 46 0.046 0.001 0 3.49611e-07 0 0 1
Step 47 0.047 0.001 0 2.20665e-07 0 0 1
Step 48 0.048 0.001 0 8.14929e-07 0 0 1
Step 49 0.049 0.001 0 2.0386e-07 0 0 1
Step 50 0.05 0.001 1 1.98603e-15 0 0 1
Step 51 0.051 0.001 0 3.48779e-07 0 0 1
Step 52 0.052 0.001 0 4.55974e-07 0 0 1
Step 53 0.053 0.001 0 9.65763e-07 0 0 1
Step 54 0.054 0.001 0 8.04743e-07 0 0 1
Step 55 0.055 0.001 1 1.59872e-14 0 0 1
Step 56 0.056 0.001 0 8.56464e-07 0 0 1
Step 57 0.057 0.001 1 1.2307e-14 0 0 1
Step 58 0.058 0.001 1 5.0243e-15 0 0 1
Step 59 0.059 0.001 0 8.78546e-07 0 0 1
Step 60 0.06 0.001 0 2.92877e-07 0 0 1
Step 61 0.061 0.001 1 5.40258e-15 0 0 1
Step 62 0.062 0.001 0 6.5038e-08 0 0 1
Step 63 0.063 0.001 0 5.09823e-07 0 0 1
Step 64 0.064 0.001 0 3.21708e-07 0 0 1
Step 65 0.065 0.001 1 5.04388e-15 0 0 1
Step 66 0.066 0.001 0 2.97104e-07 0 0 1
Step 67 0.067 0.001 0 4.37152e-07 0 0 1
Step 68 0.068 0.001 0 5.47526e-07 0 0 1
Step 69 0.069 0.001 1 0 0 0 1
Step 70 0.07 0.001 1 1.2347e-14 0 0 1
Step 71 0.071 0.001 0 3.91917e-07 0 0 1
Step 72 0.072 0.001 0 1.30653e-07 0 0 1
Step 73 0.073 0.001 0 9.58031e-07 0 0 1
Step 74 0.074 0.001 0 2.89912e-08 0 0 1
Step 75 0.075 0.001 1 1.58882e-14 0 0 1
Step 76 0.076 0.001 0 9.95046e-07 0 0 1
Step 77 0.077 0.001 0 2.83401e-07 0 0 1
Step 78 0.078 0.001 1 1.12697e-14 0 0 1
Step 79 0.079 0.001 0 1.91729e-07 0 0 1
Step 80 0.08 0.001 0 5.36253e-07 0 0 1
Step 81 0.081 0.001 0 6.26118e-07 0 0 1
Step 82 0.082 0.001 1 0 0 0 1
Step 83 0.083 0.001 0 9.4733e-07 0 0 1
Step 84 0.084 0.001 0 7.27756e-07 0 0 1
Step 85 0.085 0.001 1 1.34112e-14 0 0 1
Step 86 0.086 0.001 1 1.3413e-14 0 0 1
Step 87 0.087 0.001 0 3.3926e-07 0 0 1
Step 88 0.088 0.001 0 1.13088e-07 0 0 1
Step 89 0.089 0.001 0 8.29295e-07 0 0 1
Step 90 0.09 0.001 0 2.51175e-08 0 0 1
Step 91 0.091 0.001 1 5.0243e-15 0 0 1
Step 92 0.092 0.001 0 8.61401e-07 0 0 1
Step 93 0.093 0.001 0 2.45302e-07 0 0 1
Step 94 0.094 0.001 1 5.0243e-15 0 0 1
Step 95 0.095 0.001 0 1.6608e-07 0 0 1
Step 96 0.096 0.001 0 4.64216e-07 0 0 1
Step 97 0.097 0.001 0 5.4226e-07 0 0 1
Step 98 0.098 0.001 0 9.87142e-07 0 0 1
Step 99 0.099 0.001 0 8.2064e-07 0 0 1
Step 100 0.1 0.001 1 1.34112e-14 0 0 1
Step 101 0.101 0.001 0 8.27392e-07 0 0 1
Step 102 0.102 0.001 1 1.3293e-14 0 0 1
Step 103 0.103 0.001 1 7.10543e-15 0 0 1
Step 104 0.104 0.001 0 8.56786e-07 0 0 1
Step 105 0.105 0.001 0 2.85604e-07 0 0 1
Step 106 0.106 0.001 1 1.77636e-15 0 0 1
Step 107 0.107 0.001 0 6.34428e-08 0 0 1
Step 108 0.108 0.001 0 4.97157e-07 0 0 1
Step 109 0.109 0.001 0 3.13753e-07 0 0 1
Step 110 0.11 0.001 1 7.32411e-15 0 0 1
Step 111 0.111 0.001 0 2.89776e-07 0 0 1
Step 112 0.112 0.001 0 4.26339e-07 0 0 1
Step 113 0.113 0.001 0 5.34015e-07 0 0 1
Step 114 0.114 0.001 1 2.22045e-16 0 0 1
Step 115 0.115 0.001 1 5.33369e-15 0 0 1
Step 116 0.116 0.001 0 3.82262e-07 0 0 1
Step 117 0.117 0.001 0 1.27431e-07 0 0 1
Step 118 0.118 0.001 0 9.34426e-07 0 0 1
Step 119 0.119 0.001 0 2.82773e-08 0 0 1
Step 120 0.12 0.001 1 7.10543e-15 0 0 1
Step 121 0.121 0.001 0 9.70516e-07 0 0 1
Step 122 0.122 0.001 0 2.7639e-07 0 0 1
Step 123 0.123 0.001 1 0 0 0 1
Step 124 0.124 0.001 0 1.87084e-07 0 0 1
Step 125 0.125 0.001 0 5.23018e-07 0 0 1
Step 126 0.126 0.001 0 6.10878e-07 0 0 1
Step 127 0.127 0.001 1 7.37776e-15 0 0 1
Step 128 0.128 0.001 0 9.24424e-07 0 0 1
Step 129 0.129 0.001 0 7.0998e-07 0 0 1
Step 130 0.13 0.001 1 1.77636e-15 0 0 1
Step 131 0.131 0.001 1 5.04388e-15 0 0 1
Step 132 0.132 0.001 0 3.30893e-07 0 0 1
Step 133 0.133 0.001 0 1.10311e-07 0 0 1
Step 134 0.134 0.001 0 8.08857e-07 0 0 1
Step 135 0.135 0.001 0 2.44736e-08 0 0 1
Step 136 0.136 0.001 1 1.83103e-15 0 0 1
Step 137 0.137 0.001 0 8.40085e-07 0 0 1
Step 138 0.138 0.001 0 2.39252e-07 0 0 1
Step 139 0.139 0.001 1 1.77636e-15 0 0 1
Step 140 0.14 0.001 0 1.61923e-07 0 0 1
Step 141 0.141 0.001 0 4.52735e-07 0 0 1
Step 142 0.142 0.001 0 5.28741e-07 0 0 1
Step 143 0.143 0.001 0 9.62766e-07 0 0 1
Step 144 0.144 0.001 0 8.00092e-07 0 0 1
Step 145 0.145 0.001 1 0 0 0 1
Step 146 0.146 0.001 0 8.06254e-07 0 0 1
Step 147 0.147 0.001 1 2.66454e-15 0 0 1
Step 148 0.148 0.001 1 2.51215e-15 0 0 1
Step 149 0.149 0.001 0 8.34973e-07 0 0 1
Step 150 0.15 0.001 0 2.78327e-07 0 0 1
Step 151 0.151 0.001 1 5.32907e-15 0 0 1
Step 152 0.152 0.001 0 6.18625e-08 0 0 1
Step 153 0.153 0.001 0 4.84499e-07 0 0 1
Step 154 0.154 0.001 0 3.05842e-07 0 0 1
Step 155 0.155 0.001 1 1.77636e-15 0 0 1
Step 156 0.156 0.001 0 2.82588e-07 0 0 1
Step 157 0.157 0.001 0 4.15544e-07 0 0 1
Step 158 0.158 0.001 0 5.20864e-07 0 0 1
Step 159 0.159 0.001 1 8.88178e-16 0 0 1
Step 160 0.16 0.001 1 1.2307e-14 0 0 1
Step 161 0.161 0.001 0 3.72903e-07 0 0 1
Step 162 0.162 0.001 0 1.24304e-07 0 0 1
Step 163 0.163 0.001 0 9.11536e-07 0 0 1
Step 164 0.164 0.001 0 2.76195e-08 0 0 1
Step 165 0.165 0.001 1 0 0 0 1
Step 166 0.166 0.001 0 9.46811e-07 0 0 1
Step 167 0.167 0.001 0 2.69597e-07 0 0 1
Step 168 0.168 0.001 1 5.0243e-15 0 0 1
Step 169 0.169 0.001 0 1.82602e-07 0 0 1
Step 170 0.17 0.001 0 5.10182e-07 0 0 1
Step 171 0.171 0.001 0 5.96135e-07 0 0 1
Step 172 0.172 0.001 1 2.5511e-15 0 0 1
Step 173 0.173 0.001 0 9.02279e-07 0 0 1
Step 174 0.174 0.001 0 6.92791e-07 0 0 1
Step 175 0.175 0.001 1 5.12149e-15 0 0 1
Step 176 0.176 0.001 1 2.5511e-15 0 0 1
Step 177 0.177 0.001 0 3.22817e-07 0 0 1
Step 178 0.178 0.001 0 1.07609e-07 0 0 1
Step 179 0.179 0.001 0 7.89111e-07 0 0 1
Step 180 0.18 0.001 0 2.3924e-08 0 0 1
Step 181 0.181 0.001 1 0 0 0 1
Step 182 0.182 0.001 0 8.19685e-07 0 0 1
Step 183 0.183 0.001 0 2.33347e-07 0 0 1
Step 184 0.184 0.001 1 0 0 0 1
Step 185 0.185 0.001 0 1.58214e-07 0 0 1
Step 186 0.186 0.001 0 4.41645e-07 0 0 1
Step 187 0.187 0.001 0 5.16379e-07 0 0 1
Step 188 0.188 0.001 0 9.38923e-07 0 0 1
Step 189 0.189 0.001 0 7.81784e-07 0 0 1
Step 190 0.19 0.001 1 2.51215e-15 0 0 1
Step 191 0.191 0.001 0 7.89529e-07 0 0 1
Step 192 0.192 0.001 1 0 0 0 1
Step 193 0.193 0.001 1 9.05768e-15 0 0 1
Step 194 0.194 0.001 0 8.17368e-07 0 0 1
Step 195 0.195 0.001 0 2.72464e-07 0 0 1
Step 196 0.196 0.001 1 5.02552e-15 0 0 1
Step 197 0.197 0.001 0 6.0535e-08 0 0 1
Step 198 0.198 0.001 0 4.74285e-07 0 0 1
Step 199 0.199 0.001 0 2.99332e-07 0 0 1
Step 200 0.2 0.001 1 5.61733e-15 0 0 1
Step 201 0.201 0.001 0 2.76485e-07 0 0 1
Step 202 0.202 0.001 0 4.0673e-07 0 0 1
Step 203 0.203 0.001 0 5.09534e-07 0 0 1
Step 204 0.204 0.001 1 0 0 0 1
Step 205 0.205 0.001 1 6.15348e-15 0 0 1
Step 206 0.206 0.001 0 3.64775e-07 0 0 1
Step 207 0.207 0.001 0 1.21602e-07 0 0 1
Step 208 0.208 0.001 0 8.91653e-07 0 0 1
Step 209 0.209 0.001 0 2.69918e-08 0 0 1
Step 210 0.21 0.001 1 3.97361e-15 0 0 1
Step 211 0.211 0.001 0 9.26093e-07 0 0 1
Step 212 0.212 0.001 0 2.63711e-07 0 0 1
Step 213 0.213 0.001 1 3.97205e-15 0 0 1
Step 214 0.214 0.001 0 1.78597e-07 0 0 1
Step 215 0.215 0.001 0 4.9905e-07 0 0 1
Step 216 0.216 0.001 0 5.83089e-07 0 0 1
Step 217 0.217 0.001 1 7.32411e-15 0 0 1
Step 218 0.218 0.001 0 8.82535e-07 0 0 1
Step 219 0.219 0.001 0 6.77649e-07 0 0 1
Step 220 0.22 0.001 1 6.64652e-15 0 0 1
Step 221 0.221 0.001 1 3.55271e-15 0 0 1
Step 222 0.222 0.001 0 3.15781e-07 0 0 1
Step 223 0.223 0.001 0 1.05276e-07 0 0 1
Step 224 0.224 0.001 0 7.71919e-07 0 0 1
Step 225 0.225 0.001 0 2.33467e-08 0 0 1
Step 226 0.226 0.001 1 7.10543e-15 0 0 1
Step 227 0.227 0.001 0 8.0172e-07 0 0 1
Step 228 0.228 0.001 0 2.28305e-07 0 0 1
Step 229 0.229 0.001 1 1.25607e-15 0 0 1
Step 230 0.23 0.001 0 1.54595e-07 0 0 1
Step 231 0.231 0.001 0 4.32021e-07 0 0 1
Step 232 0.232 0.001 0 5.04757e-07 0 0 1
Step 233 0.233 0.001 0 9.18655e-07 0 0 1
Step 234 0.234 0.001 0 7.63947e-07 0 0 1
Step 235 0.235 0.001 1 6.15348e-15 0 0 1
Step 236 0.236 0.001 0 7.70458e-07 0 0 1
Step 237 0.237 0.001 1 3.9968e-15 0 0 1
Step 238 0.238 0.001 1 1.33227e-15 0 0 1
Step 239 0.239 0.001 0 7.97787e-07 0 0 1
Step 240 0.24 0.001 0 2.65931e-07 0 0 1
Step 241 0.241 0.001 1 2.17558e-15 0 0 1
Step 242 0.242 0.001 0 5.9109e-08 0 0 1
Step 243 0.243 0.001 0 4.62953e-07 0 0 1
Step 244 0.244 0.001 0 2.92221e-07 0 0 1
Step 245 0.245 0.001 1 6.40475e-15 0 0 1
Step 246 0.246 0.001 0 2.69982e-07 0 0 1
Step 247 0.247 0.001 0 3.97016e-07 0 0 1
Step 248 0.248 0.001 0 4.9765e-07 0 0 1
Step 249 0.249 0.001 1 7.74296e-15 0 0 1
Step 250 0.25 0.001 1 2.51215e-15 0 0 1
Step 251 0.251 0.001 0 3.56265e-07 0 0 1
Step 252 0.252 0.001 0 1.18741e-07 0 0 1
Step 253 0.253 0.001 0 8.70876e-07 0 0 1
Step 254 0.254 0.001 0 2.64379e-08 0 0 1
Step 255 0.255 0.001 1 6.21725e-15 0 0 1
Step 256 0.256 0.001 0 9.04704e-07 0 0 1
Step 257 0.257 0.001 0 2.57497e-07 0 0 1
Step 258 0.258 0.001 1 2.51215e-15 0 0 1
Step 259 0.259 0.001 0 1.74746e-07 0 0 1
Step 260 0.26 0.001 0 4.87399e-07 0 0 1
Step 261 0.261 0.001 0 5.70188e-07 0 0 1
Step 262 0.262 0.001 1 0 0 0 1
Step 263 0.263 0.001 0 8.6349e-07 0 0 1
Step 264 0.264 0.001 0 6.62508e-07 0 0 1
Step 265 0.265 0.001 1 2.51215e-15 0 0 1
Step 266 0.266 0.001 1 3.55271e-15 0 0 1
Step 267 0.267 0.001 0 3.0849e-07 0 0 1
Step 268 0.268 0.001 0 1.02842e-07 0 0 1
Step 269 0.269 0.001 0 7.54073e-07 0 0 1
Step 270 0.27 0.001 0 2.28418e-08 0 0 1
Step 271 0.271 0.001 1 3.6078e-15 0 0 1
Step 272 0.272 0.001 0 7.83256e-07 0 0 1
Step 273 0.273 0.001 0 2.23034e-07 0 0 1
Step 274 0.274 0.001 1 0 0 0 1
Step 275 0.275 0.001 0 1.51047e-07 0 0 1
Step 276 0.276 0.001 0 4.22038e-07 0 0 1
Step 277 0.277 0.001 0 4.93102e-07 0 0 1
Step 278 0.278 0.001 0 8.97382e-07 0 0 1
Step 279 0.279 0.001 0 7.46294e-07 0 0 1
Step 280 0.28 0.001 1 6.24889e-15 0 0 1
Step 281 0.281 0.001 0 7.52698e-07 0 0 1
Step 282 0.282 0.001 0 9.92936e-07 0 0 1
Step 283 0.283 0.001 1 2.73755e-15 0 0 1
Step 284 0.284 0.001 1 6.15348e-15 0 0 1
Step 285 0.285 0.001 0 6.22835e-07 0 0 1
Step 286 0.286 0.001 0 2.07576e-07 0 0 1
Step 287 0.287 0.001 1 0 0 0 1
Step 288 0.288 0.001 0 4.62152e-08 0 0 1
Step 289 0.289 0.001 0 3.61364e-07 0 0 1
Step 290 0.29 0.001 0 2.28292e-07 0 0 1
Step 291 0.291 0.001 0 8.42282e-07 0 0 1
Step 292 0.292 0.001 0 2.11166e-07 0 0 1
Step 293 0.293 0.001 1 6.40475e-15 0 0 1
Step 294 0.294 0.001 0 3.59344e-07 0 0 1
Step 295 0.295 0.001 0 4.71689e-07 0 0 1
Step 296 0.296 0.001 0 9.95712e-07 0 0 1
Step 297 0.297 0.001 0 8.33604e-07 0 0 1
Step 298 0.298 0.001 1 7.10543e-15 0 0 1
Step 299 0.299 0.001 0 8.90669e-07 0 0 1
Step 300 0.3 0.001 1 0 0 0 1
Step 301 0.301 0.001 1 7.53644e-15 0 0 1
Step 302 0.302 0.001 0 9.13063e-07 0 0 1
Step 303 0.303 0.001 0 3.0433e-07 0 0 1
Step 304 0.304 0.001 1 7.53655e-15 0 0 1
Step 305 0.305 0.001 0 6.76753e-08 0 0 1
Step 306 0.306 0.001 0 5.29752e-07 0 0 1
Step 307 0.307 0.001 0 3.34482e-07 0 0 1
Step 308 0.308 0.001 1 2.51245e-15 0 0 1
Step 309 0.309 0.001 0 3.09101e-07 0 0 1
Step 310 0.31 0.001 0 4.54437e-07 0 0 1
Step 311 0.311 0.001 0 5.69764e-07 0 0 1
Step 312 0.312 0.001 1 7.10716e-15 0 0 1
Step 313 0.313 0.001 1 6.15348e-15 0 0 1
Step 314 0.314 0.001 0 4.0801e-07 0 0 1
Step 315 0.315 0.001 0 1.36004e-07 0 0 1
Step 316 0.316 0.001 0 9.97405e-07 0 0 1
Step 317 0.317 0.001 0 3.02386e-08 0 0 1
Step 318 0.318 0.001 1 1.8039e-15 0 0 1
Step 319 0.319 0.001 1 3.55271e-15 0 0 1
Step 320 0.32 0.001 0 2.94932e-07 0 0 1
Step 321 0.321 0.001 0 9.83204e-08 0 0 1
Step 322 0.322 0.001 0 7.20932e-07 0 0 1
Step 323 0.323 0.001 0 2.18549e-08 0 0 1
Step 324 0.324 0.001 1 6.15348e-15 0 0 1
Step 325 0.325 0.001 0 7.48863e-07 0 0 1
Step 326 0.326 0.001 0 2.132e-07 0 0 1
Step 327 0.327 0.001 1 3.97205e-15 0 0 1
Step 328 0.328 0.001 0 1.44495e-07 0 0 1
Step 329 0.329 0.001 0 4.03441e-07 0 0 1
Step 330 0.33 0.001 0 4.71641e-07 0 0 1
Step 331 0.331 0.001 0 8.57735e-07 0 0 1
Step 332 0.332 0.001 0 7.14019e-07 0 0 1
Step 333 0.333 0.001 1 0 0 0 1
Step 334 0.334 0.001 0 7.20986e-07 0 0 1
Step 335 0.335 0.001 0 9.497e-07 0 0 1
Step 336 0.336 0.001 1 1.77636e-15 0 0 1
Step 337 0.337 0.001 1 7.35098e-15 0 0 1
Step 338 0.338 0.001 0 5.95344e-07 0 0 1
Step 339 0.339 0.001 0 1.98469e-07 0 0 1
Step 340 0.34 0.001 1 6.40475e-15 0 0 1
Step 341 0.341 0.001 0 4.40518e-08 0 0 1
Step 342 0.342 0.001 0 3.4552e-07 0 0 1
Step 343 0.343 0.001 0 2.17967e-07 0 0 1
Step 344 0.344 0.001 0 8.05447e-07 0 0 1
Step 345 0.345 0.001 0 2.01231e-07 0 0 1
Step 346 0.346 0.001 1 8.14029e-15 0 0 1
Step 347 0.347 0.001 0 3.45166e-07 0 0 1
Step 348 0.348 0.001 0 4.50397e-07 0 0 1
Step 349 0.349 0.001 0 9.55521e-07 0 0 1
Step 350 0.35 0.001 0 7.94165e-07 0 0 1
Step 351 0.351 0.001 1 3.55271e-15 0 0 1
Step 352 0.352 0.001 0 8.41804e-07 0 0 1
Step 353 0.353 0.001 1 0 0 0 1
Step 354 0.354 0.001 1 0 0 0 1
Step 355 0.355 0.001 0 8.64176e-07 0 0 1
Step 356 0.356 0.001 0 2.8806e-07 0 0 1
Step 357 0.357 0.001 1 3.07674e-15 0 0 1
Step 358 0.358 0.001 0 6.39945e-08 0 0 1
Step 359 0.359 0.001 0 5.01445e-07 0 0 1
Step 360 0.36 0.001 0 3.1645e-07 0 0 1
Step 361 0.361 0.001 1 3.76822e-15 0 0 1
Step 362 0.362 0.001 0 2.92288e-07 0 0 1
Step 363 0.363 0.001 0 4.29983e-07 0 0 1
Step 364 0.364 0.001 0 5.38654e-07 0 0 1
Step 365 0.365 0.001 1 2.51215e-15 0 0 1
Step 366 0.366 0.001 1 3.55271e-15 0 0 1
Step 367 0.367 0.001 0 3.85619e-07 0 0 1
Step 368 0.368 0.001 0 1.2852e-07 0 0 1
Step 369 0.369 0.001 0 9.42631e-07 0 0 1
Step 370 0.37 0.001 0 2.85758e-08 0 0 1
Step 371 0.371 0.001 1 3.6078e-15 0 0 1
Step 372 0.372 0.001 0 9.79161e-07 0 0 1
Step 373 0.373 0.001 0 2.78742e-07 0 0 1
Step 374 0.374 0.001 1 1.40433e-15 0 0 1
Step 375 0.375 0.001 0 1.8899e-07 0 0 1
Step 376 0.376 0.001 0 5.27585e-07 0 0 1
Step 377 0.377 0.001 0 6.16881e-07 0 0 1
Step 378 0.378 0.001 1 1.25607e-15 0 0 1
Step 379 0.379 0.001 0 9.34003e-07 0 0 1
Step 380 0.38 0.001 0 7.16819e-07 0 0 1
Step 381 0.381 0.001 1 3.32326e-15 0 0 1
Step 382 0.382 0.001 1 4.6998e-15 0 0 1
Step 383 0.383 0.001 0 3.33871e-07 0 0 1
Step 384 0.384 0.001 0 1.11307e-07 0 0 1
Step 385 0.385 0.001 0 8.16123e-07 0 0 1
Step 386 0.386 0.001 0 2.46601e-08 0 0 1
Step 387 0.387 0.001 1 1.25607e-15 0 0 1
Step 388 0.388 0.001 0 8.47517e-07 0 0 1
Step 389 0.389 0.001 0 2.41434e-07 0 0 1
Step 390 0.39 0.001 1 5.0243e-15 0 0 1
Step 391 0.391 0.001 0 1.63179e-07 0 0 1
Step 392 0.392 0.001 0 4.56786e-07 0 0 1
Step 393 0.393 0.001 0 5.33031e-07 0 0 1
Step 394 0.394 0.001 0 9.71561e-07 0 0 1
Step 395 0.395 0.001 0 8.06319e-07 0 0 1
Step 396 0.396 0.001 1 7.10543e-15 0 0 1
Step 397 0.397 0.001 0 8.11318e-07 0 0 1
Step 398 0.398 0.001 1 4.70242e-15 0 0 1
Step 399 0.399 0.001 1 0 0 0 1
Step 400 0.4 0.001 0 8.40434e-07 0 0 1
Step 401 0.401 0.001 0 2.80117e-07 0 0 1
Step 402 0.402 0.001 1 5.0243e-15 0 0 1
Step 403 0.403 0.001 0 6.23178e-08 0 0 1
Step 404 0.404 0.001 0 4.87624e-07 0 0 1
Step 405 0.405 0.001 0 3.07968e-07 0 0 1
Step 406 0.406 0.001 1 3.92523e-17 0 0 1
Step 407 0.407 0.001 0 2.8477e-07 0 0 1
Step 408 0.408 0.001 0 4.18377e-07 0 0 1
Step 409 0.409 0.001 0 5.25034e-07 0 0 1
Step 410 0.41 0.001 1 5.02445e-15 0 0 1
Step 411 0.411 0.001 1 3.55271e-15 0 0 1
Step 412 0.412 0.001 0 3.76017e-07 0 0 1
Step 413 0.413 0.001 0 1.25361e-07 0 0 1
Step 414 0.414 0.001 0 9.19159e-07 0 0 1
Step 415 0.415 0.001 0 2.77926e-08 0 0 1
Step 416 0.416 0.001 1 8.88317e-15 0 0 1
Step 417 0.417 0.001 0 9.54629e-07 0 0 1
Step 418 0.418 0.001 0 2.71911e-07 0 0 1
Step 419 0.419 0.001 1 7.11236e-15 0 0 1
Step 420 0.42 0.001 0 1.83881e-07 0 0 1
Step 421 0.421 0.001 0 5.14486e-07 0 0 1
Step 422 0.422 0.001 0 6.00515e-07 0 0 1
Step 423 0.423 0.001 1 8.51911e-15 0 0 1
Step 424 0.424 0.001 0 9.08449e-07 0 0 1
Step 425 0.425 0.001 0 6.98033e-07 0 0 1
Step 426 0.426 0.001 1 0 0 0 1
Step 427 0.427 0.001 1 7.53644e-15 0 0 1
Step 428 0.428 0.001 0 3.25449e-07 0 0 1
Step 429 0.429 0.001 0 1.08436e-07 0 0 1
Step 430 0.43 0.001 0 7.95522e-07 0 0 1
Step 431 0.431 0.001 0 2.42255e-08 0 0 1
Step 432 0.432 0.001 1 2.94575e-15 0 0 1
Step 433 0.433 0.001 0 8.26559e-07 0 0 1
Step 434 0.434 0.001 0 2.35142e-07 0 0 1
Step 435 0.435 0.001 1 7.56257e-15 0 0 1
Step 436 0.436 0.001 0 1.59955e-07 0 0 1
Step 437 0.437 0.001 0 4.45205e-07 0 0 1
Step 438 0.438 0.001 0 5.21607e-07 0 0 1
Step 439 0.439 0.001 0 9.46112e-07 0 0 1
Step 440 0.44 0.001 0 7.90428e-07 0 0 1
Step 441 0.441 0.001 1 4.61511e-15 0 0 1
Step 442 0.442 0.001 0 8.01523e-07 0 0 1
Step 443 0.443 0.001 1 3.92209e-15 0 0 1
Step 444 0.444 0.001 1 7.10543e-15 0 0 1
Step 445 0.445 0.001 0 8.29169e-07 0 0 1
Step 446 0.446 0.001 0 2.76422e-07 0 0 1
Step 447 0.447 0.001 1 2.58946e-15 0 0 1
Step 448 0.448 0.001 0 6.13593e-08 0 0 1
Step 449 0.449 0.001 0 4.81172e-07 0 0 1
Step 450 0.45 0.001 0 3.03543e-07 0 0 1
Step 451 0.451 0.001 1 3.87148e-15 0 0 1
Step 452 0.452 0.001 0 2.80182e-07 0 0 1
Step 453 0.453 0.001 0 4.12537e-07 0 0 1
Step 454 0.454 0.001 0 5.16234e-07 0 0 1
Step 455 0.455 0.001 1 7.10543e-15 0 0 1
Step 456 0.456 0.001 1 7.10543e-15 0 0 1
Step 457 0.457 0.001 0 3.69446e-07 0 0 1
Step 458 0.458 0.001 0 1.23127e-07 0 0 1
Step 459 0.459 0.001 0 9.03077e-07 0 0 1
Step 460 0.46 0.001 0 2.7391e-08 0 0 1
Step 461 0.461 0.001 1 7.94411e-15 0 0 1
Step 462 0.462 0.001 0 9.38094e-07 0 0 1
Step 463 0.463 0.001 0 2.67067e-07 0 0 1
Step 464 0.464 0.001 1 7.94411e-15 0 0 1
Step 465 0.465 0.001 0 1.81061e-07 0 0 1
Step 466 0.466 0.001 0 5.05469e-07 0 0 1
Step 467 0.467 0.001 0 5.90967e-07 0 0 1
Step 468 0.468 0.001 1 3.87148e-15 0 0 1
Step 469 0.469 0.001 0 8.94763e-07 0 0 1
Step 470 0.47 0.001 0 6.86701e-07 0 0 1
Step 471 0.471 0.001 1 3.63503e-15 0 0 1
Step 472 0.472 0.001 1 8.0428e-15 0 0 1
Step 473 0.473 0.001 0 3.19881e-07 0 0 1
Step 474 0.474 0.001 0 1.0662e-07 0 0 1
Step 475 0.475 0.001 0 7.81962e-07 0 0 1
Step 476 0.476 0.001 0 2.3693e-08 0 0 1
Step 477 0.477 0.001 1 5.0243e-15 0 0 1
Step 478 0.478 0.001 0 8.12218e-07 0 0 1
Step 479 0.479 0.001 0 2.31219e-07 0 0 1
Step 480 0.48 0.001 1 5.17893e-15 0 0 1
Step 481 0.481 0.001 0 1.56797e-07 0 0 1
Step 482 0.482 0.001 0 4.37627e-07 0 0 1
Step 483 0.483 0.001 0 5.11738e-07 0 0 1
Step 484 0.484 0.001 0 9.30433e-07 0 0 1
Step 485 0.485 0.001 0 7.74845e-07 0 0 1
Step 486 0.486 0.001 1 7.10543e-15 0 0 1
Step 487 0.487 0.001 0 7.83067e-07 0 0 1
Step 488 0.488 0.001 1 7.94411e-15 0 0 1
Step 489 0.489 0.001 1 0 0 0 1
Step 490 0.49 0.001 0 8.10491e-07 0 0 1
Step 491 0.491 0.001 0 2.70155e-07 0 0 1
Step 492 0.492 0.001 1 3.55271e-15 0 0 1
Step 493 0.493 0.001 0 6.00522e-08 0 0 1
Step 494 0.494 0.001 0 4.70266e-07 0 0 1
Step 495 0.495 0.001 0 2.9688e-07 0 0 1
Step 496 0.496 0.001 1 3.55271e-15 0 0 1
Step 497 0.497 0.001 0 2.74308e-07 0 0 1
Step 498 0.498 0.001 0 4.03356e-07 0 0 1
Step 499 0.499 0.001 0 5.0558e-07 0 0 1
Step 500 0.5 0.001 1 3.55791e-15 0 0 1
Step 501 0.501 0.001 1 1.00486e-14 0 0 1
Step 502 0.502 0.001 0 3.61948e-07 0 0 1
Step 503 0.503 0.001 0 1.20616e-07 0 0 1
Step 504 0.504 0.001 0 8.84739e-07 0 0 1
Step 505 0.505 0.001 0 2.68971e-08 0 0 1
Step 506 0.506 0.001 1 3.55271e-15 0 0 1
Step 507 0.507 0.001 0 9.1916e-07 0 0 1
Step 508 0.508 0.001 0 2.61594e-07 0 0 1
Step 509 0.509 0.001 1 0 0 0 1
Step 510 0.51 0.001 0 1.77552e-07 0 0 1
Step 511 0.511 0.001 0 4.95172e-07 0 0 1
Step 512 0.512 0.001 0 5.79352e-07 0 0 1
Step 513 0.513 0.001 1 5.02522e-15 0 0 1
Step 514 0.514 0.001 0 8.77442e-07 0 0 1
Step 515 0.515 0.001 0 6.7313e-07 0 0 1
Step 516 0.516 0.001 1 1.20478e-14 0 0 1
Step 517 0.517 0.001 1 7.10543e-15 0 0 1
Step 518 0.518 0.001 0 3.1346e-07 0 0 1
Step 519 0.519 0.001 0 1.04475e-07 0 0 1
Step 520 0.52 0.001 0 7.66241e-07 0 0 1
Step 521 0.521 0.001 0 2.32763e-08 0 0 1
Step 522 0.522 0.001 1 1.06581e-14 0 0 1
Step 523 0.523 0.001 0 7.96026e-07 0 0 1
Step 524 0.524 0.001 0 2.26568e-07 0 0 1
Step 525 0.525 0.001 1 2.51215e-15 0 0 1
Step 526 0.526 0.001 0 1.53778e-07 0 0 1
Step 527 0.527 0.001 0 4.28877e-07 0 0 1
Step 528 0.528 0.001 0 5.01765e-07 0 0 1
Step 529 0.529 0.001 0 9.11701e-07 0 0 1
Step 530 0.53 0.001 0 7.59902e-07 0 0 1
Step 531 0.531 0.001 1 7.10543e-15 0 0 1
Step 532 0.532 0.001 0 7.68482e-07 0 0 1
Step 533 0.533 0.001 1 7.53644e-15 0 0 1
Step 534 0.534 0.001 1 1.1261e-14 0 0 1
Step 535 0.535 0.001 0 7.95333e-07 0 0 1
Step 536 0.536 0.001 0 2.65126e-07 0 0 1
Step 537 0.537 0.001 1 5.61733e-15 0 0 1
Step 538 0.538 0.001 0 5.88771e-08 0 0 1
Step 539 0.539 0.001 0 4.61474e-07 0 0 1
Step 540 0.54 0.001 0 2.91208e-07 0 0 1
Step 541 0.541 0.001 1 7.53644e-15 0 0 1
Step 542 0.542 0.001 0 2.6893e-07 0 0 1
Step 543 0.543 0.001 0 3.95682e-07 0 0 1
Step 544 0.544 0.001 0 4.95619e-07 0 0 1
Step 545 0.545 0.001 1 1.00486e-14 0 0 1
Step 546 0.546 0.001 1 8.70234e-15 0 0 1
Step 547 0.547 0.001 0 3.54755e-07 0 0 1
Step 548 0.548 0.001 0 1.1826e-07 0 0 1
Step 549 0.549 0.001 0 8.6719e-07 0 0 1
Step 550 0.55 0.001 0 2.62895e-08 0 0 1
Step 551 0.551 0.001 1 1.04715e-14 0 0 1
Step 552 0.552 0.001 0 9.00771e-07 0 0 1
Step 553 0.553 0.001 0 2.56472e-07 0 0 1
Step 554 0.554 0.001 1 8.70234e-15 0 0 1
Step 555 0.555 0.001 0 1.73756e-07 0 0 1
Step 556 0.556 0.001 0 4.85366e-07 0 0 1
Step 557 0.557 0.001 0 5.67195e-07 0 0 1
Step 558 0.558 0.001 1 1.3293e-14 0 0 1
Step 559 0.559 0.001 0 8.58482e-07 0 0 1
Step 560 0.56 0.001 0 6.59144e-07 0 0 1
Step 561 0.561 0.001 1 5.0243e-15 0 0 1
Step 562 0.562 0.001 1 8.83726e-15 0 0 1
Step 563 0.563 0.001 0 3.07092e-07 0 0 1
Step 564 0.564 0.001 0 1.02363e-07 0 0 1
Step 565 0.565 0.001 0 7.50697e-07 0 0 1
Step 566 0.566 0.001 0 2.27204e-08 0 0 1
Step 567 0.567 0.001 1 0 0 0 1
Step 568 0.568 0.001 0 7.7969e-07 0 0 1
Step 569 0.569 0.001 0 2.22027e-07 0 0 1
Step 570 0.57 0.001 1 0 0 0 1
Step 571 0.571 0.001 0 1.50366e-07 0 0 1
Step 572 0.572 0.001 0 4.20146e-07 0 0 1
Step 573 0.573 0.001 0 4.90922e-07 0 0 1
Step 574 0.574 0.001 0 8.93357e-07 0 0 1
Step 575 0.575 0.001 0 7.43031e-07 0 0 1
Step 576 0.576 0.001 1 8.70234e-15 0 0 1
Step 577 0.577 0.001 0 7.4969e-07 0 0 1
Step 578 0.578 0.001 0 9.88555e-07 0 0 1
Step 579 0.579 0.001 1 8.83726e-15 0 0 1
Step 580 0.58 0.001 1 7.27005e-15 0 0 1
Step 581 0.581 0.001 0 6.20035e-07 0 0 1
Step 582 0.582 0.001 0 2.06717e-07 0 0 1
Step 583 0.583 0.001 1 7.27005e-15 0 0 1
Step 584 0.584 0.001 0 4.58098e-08 0 0 1
Step 585 0.585 0.001 0 3.598e-07 0 0 1
Step 586 0.586 0.001 0 2.26844e-07 0 0 1
Step 587 0.587 0.001 0 8.38854e-07 0 0 1
Step 588 0.588 0.001 0 2.09236e-07 0 0 1
Step 589 0.589 0.001 1 5.0243e-15 0 0 1
Step 590 0.59 0.001 0 3.60293e-07 0 0 1
Step 591 0.591 0.001 0 4.68772e-07 0 0 1
Step 592 0.592 0.001 0 9.96915e-07 0 0 1
Step 593 0.593 0.001 0 8.25737e-07 0 0 1
Step 594 0.594 0.001 1 7.74296e-15 0 0 1
Step 595 0.595 0.001 0 8.72693e-07 0 0 1
Step 596 0.596 0.001 1 3.07674e-15 0 0 1
Step 597 0.597 0.001 1 5.0243e-15 0 0 1
Step 598 0.598 0.001 0 8.96231e-07 0 0 1
Step 599 0.599 0.001 0 2.9872e-07 0 0 1
Step 600 0.6 0.001 1 7.10543e-15 0 0 1
Step 601 0.601 0.001 0 6.64331e-08 0 0 1
Step 602 0.602 0.001 0 5.19989e-07 0 0 1
Step 603 0.603 0.001 0 3.28282e-07 0 0 1
Step 604 0.604 0.001 1 1.12347e-14 0 0 1
Step 605 0.605 0.001 0 3.03384e-07 0 0 1
Step 606 0.606 0.001 0 4.46014e-07 0 0 1
Step 607 0.607 0.001 0 5.59243e-07 0 0 1
Step 608 0.608 0.001 1 1.00486e-14 0 0 1
Step 609 0.609 0.001 1 5.0243e-15 0 0 1
Step 610 0.61 0.001 0 4.00441e-07 0 0 1
Step 611 0.611 0.001 0 1.33463e-07 0 0 1
Step 612 0.612 0.001 0 9.78841e-07 0 0 1
Step 613 0.613 0.001 0 2.96997e-08 0 0 1
Step 614 0.614 0.001 1 8.70234e-15 0 0 1
Step 615 0.615 0.001 1 9.23022e-15 0 0 1
Step 616 0.616 0.001 0 2.89474e-07 0 0 1
Step 617 0.617 0.001 0 9.64656e-08 0 0 1
Step 618 0.618 0.001 0 7.0757e-07 0 0 1
Step 619 0.619 0.001 0 2.15476e-08 0 0 1
Step 620 0.62 0.001 1 0 0 0 1
Step 621 0.621 0.001 0 7.35176e-07 0 0 1
Step 622 0.622 0.001 0 2.09163e-07 0 0 1
Step 623 0.623 0.001 1 7.10543e-15 0 0 1
Step 624 0.624 0.001 0 1.42256e-07 0 0 1
Step 625 0.625 0.001 0 3.95954e-07 0 0 1
Step 626 0.626 0.001 0 4.63885e-07 0 0 1
Step 627 0.627 0.001 0 8.41444e-07 0 0 1
Step 628 0.628 0.001 0 7.02956e-07 0 0 1
Step 629 0.629 0.001 1 1.26857e-14 0 0 1
Step 630 0.63 0.001 0 7.13233e-07 0 0 1
Step 631 0.631 0.001 0 9.33952e-07 0 0 1
Step 632 0.632 0.001 1 5.0243e-15 0 0 1
Step 633 0.633 0.001 1 1.05091e-14 0 0 1
Step 634 0.634 0.001 0 5.84442e-07 0 0 1
Step 635 0.635 0.001 0 1.94774e-07 0 0 1
Step 636 0.636 0.001 1 5.89151e-15 0 0 1
Step 637 0.637 0.001 0 4.33974e-08 0 0 1
Step 638 0.638 0.001 0 3.3905e-07 0 0 1
Step 639 0.639 0.001 0 2.14274e-07 0 0 1
Step 640 0.64 0.001 0 7.90183e-07 0 0 1
Step 641 0.641 0.001 0 1.98279e-07 0 0 1
Step 642 0.642 0.001 1 1.2307e-14 0 0 1
Step 643 0.643 0.001 0 3.36738e-07 0 0 1
Step 644 0.644 0.001 0 4.4264e-07 0 0 1
Step 645 0.645 0.001 0 9.33244e-07 0 0 1
Step 646 0.646 0.001 0 7.82677e-07 0 0 1
Step 647 0.647 0.001 1 1.00486e-14 0 0 1
Step 648 0.648 0.001 0 8.37959e-07 0 0 1
Step 649 0.649 0.001 1 5.0243e-15 0 0 1
Step 650 0.65 0.001 1 7.10543e-15 0 0 1
Step 651 0.651 0.001 0 8.58712e-07 0 0 1
Step 652 0.652 0.001 0 2.86232e-07 0 0 1
Step 653 0.653 0.001 1 1.12347e-14 0 0 1
Step 654 0.654 0.001 0 6.35641e-08 0 0 1
Step 655 0.655 0.001 0 4.98217e-07 0 0 1
Step 656 0.656 0.001 0 3.14364e-07 0 0 1
Step 657 0.657 0.001 1 7.10543e-15 0 0 1
Step 658 0.658 0.001 0 2.90295e-07 0 0 1
Step 659 0.659 0.001 0 4.27174e-07 0 0 1
Step 660 0.66 0.001 0 5.34985e-07 0 0 1
Step 661 0.661 0.001 1 1.42109e-14 0 0 1
Step 662 0.662 0.001 1 7.10543e-15 0 0 1
Step 663 0.663 0.001 0 3.82886e-07 0 0 1
Step 664 0.664 0.001 0 1.27581e-07 0 0 1
Step 665 0.665 0.001 0 9.35915e-07 0 0 1
Step 666 0.666 0.001 0 2.84987e-08 0 0 1
Step 667 0.667 0.001 1 8.70234e-15 0 0 1
Step 668 0.668 0.001 0 9.72413e-07 0 0 1
Step 669 0.669 0.001 0 2.76622e-07 0 0 1
Step 670 0.67 0.001 1 8.70234e-15 0 0 1
Step 671 0.671 0.001 0 1.88195e-07 0 0 1
Step 672 0.672 0.001 0 5.23724e-07 0 0 1
Step 673 0.673 0.001 0 6.13679e-07 0 0 1
Step 674 0.674 0.001 1 1.42109e-14 0 0 1
Step 675 0.675 0.001 0 9.30069e-07 0 0 1
Step 676 0.676 0.001 0 7.12782e-07 0 0 1
Step 677 0.677 0.001 1 1.54859e-14 0 0 1
Step 678 0.678 0.001 1 0 0 0 1
Step 679 0.679 0.001 0 3.31616e-07 0 0 1
Step 680 0.68 0.001 0 1.10525e-07 0 0 1
Step 681 0.681 0.001 0 8.10548e-07 0 0 1
Step 682 0.682 0.001 0 2.46394e-08 0 0 1
Step 683 0.683 0.001 1 7.94411e-15 0 0 1
Step 684 0.684 0.001 0 8.42075e-07 0 0 1
Step 685 0.685 0.001 0 2.39582e-07 0 0 1
Step 686 0.686 0.001 1 7.10543e-15 0 0 1
Step 687 0.687 0.001 0 1.62844e-07 0 0 1
Step 688 0.688 0.001 0 4.53609e-07 0 0 1
Step 689 0.689 0.001 0 5.31176e-07 0 0 1
Step 690 0.69 0.001 0 9.64058e-07 0 0 1
Step 691 0.691 0.001 0 8.04729e-07 0 0 1
Step 692 0.692 0.001 1 1.81154e-14 0 0 1
Step 693 0.693 0.001 0 8.15269e-07 0 0 1
Step 694 0.694 0.001 1 1.1783e-14 0 0 1
Step 695 0.695 0.001 1 0 0 0 1
Step 696 0.696 0.001 0 8.43465e-07 0 0 1
Step 697 0.697 0.001 0 2.811e-07 0 0 1
Step 698 0.698 0.001 1 5.0243e-15 0 0 1
Step 699 0.699 0.001 0 6.26293e-08 0 0 1
Step 700 0.7 0.001 0 4.89366e-07 0 0 1
Step 701 0.701 0.001 0 3.09204e-07 0 0 1
Step 702 0.702 0.001 1 5.0243e-15 0 0 1
Step 703 0.703 0.001 0 2.86088e-07 0 0 1
Step 704 0.704 0.001 0 4.20006e-07 0 0 1
Step 705 0.705 0.001 0 5.27568e-07 0 0 1
Step 706 0.706 0.001 1 0 0 0 1
Step 707 0.707 0.001 1 1.66637e-14 0 0 1
Step 708 0.708 0.001 0 3.77938e-07 0 0 1
Step 709 0.709 0.001 0 1.25984e-07 0 0 1
Step 710 0.71 0.001 0 9.23885e-07 0 0 1
Step 711 0.711 0.001 0 2.80308e-08 0 0 1
Step 712 0.712 0.001 1 5.0243e-15 0 0 1
Step 713 0.713 0.001 0 9.59702e-07 0 0 1
Step 714 0.714 0.001 0 2.73176e-07 0 0 1
Step 715 0.715 0.001 1 5.0243e-15 0 0 1
Step 716 0.716 0.001 0 1.85285e-07 0 0 1
Step 717 0.717 0.001 0 5.17004e-07 0 0 1
Step 718 0.718 0.001 0 6.04585e-07 0 0 1
Step 719 0.719 0.001 1 7.10543e-15 0 0 1
Step 720 0.72 0.001 0 9.15421e-07 0 0 1
Step 721 0.721 0.001 0 7.02546e-07 0 0 1
Step 722 0.722 0.001 1 1.9459e-14 0 0 1
Step 723 0.723 0.001 1 1.1783e-14 0 0 1
Step 724 0.724 0.001 0 3.27179e-07 0 0 1
Step 725 0.725 0.001 0 1.09018e-07 0 0 1
Step 726 0.726 0.001 0 7.99765e-07 0 0 1
Step 727 0.727 0.001 0 2.43752e-08 0 0 1
Step 728 0.728 0.001 1 9.3996e-15 0 0 1
Step 729 0.729 0.001 0 8.31017e-07 0 0 1
Step 730 0.73 0.001 0 2.36389e-07 0 0 1
Step 731 0.731 0.001 1 1.28095e-14 0 0 1
Step 732 0.732 0.001 0 1.60857e-07 0 0 1
Step 733 0.733 0.001 0 4.47552e-07 0 0 1
Step 734 0.734 0.001 0 5.2451e-07 0 0 1
Step 735 0.735 0.001 0 9.51062e-07 0 0 1
Step 736 0.736 0.001 0 7.94975e-07 0 0 1
Step 737 0.737 0.001 1 6.15348e-15 0 0 1
Step 738 0.738 0.001 0 8.07214e-07 0 0 1
Step 739 0.739 0.001 1 6.15348e-15 0 0 1
Step 740 0.74 0.001 1 0 0 0 1
Step 741 0.741 0.001 0 8.3474e-07 0 0 1
Step 742 0.742 0.001 0 2.78196e-07 0 0 1
Step 743 0.743 0.001 1 1.54859e-14 0 0 1
Step 744 0.744 0.001 0 6.19321e-08 0 0 1
Step 745 0.745 0.001 0 4.84223e-07 0 0 1
Step 746 0.746 0.001 0 3.05861e-07 0 0 1
Step 747 0.747 0.001 1 1.54859e-14 0 0 1
Step 748 0.748 0.001 0 2.8285e-07 0 0 1
Step 749 0.749 0.001 0 4.15492e-07 0 0 1
Step 750 0.75 0.001 0 5.21505e-07 0 0 1
Step 751 0.751 0.001 1 1.00486e-14 0 0 1
Step 752 0.752 0.001 1 0 0 0 1
Step 753 0.753 0.001 0 3.73544e-07 0 0 1
Step 754 0.754 0.001 0 1.24521e-07 0 0 1
Step 755 0.755 0.001 0 9.1306e-07 0 0 1
Step 756 0.756 0.001 0 2.76864e-08 0 0 1
Step 757 0.757 0.001 1 1.87992e-14 0 0 1
Step 758 0.758 0.001 0 9.48328e-07 0 0 1
Step 759 0.759 0.001 0 2.69909e-07 0 0 1
Step 760 0.76 0.001 1 1.00486e-14 0 0 1
Step 761 0.761 0.001 0 1.83202e-07 0 0 1
Step 762 0.762 0.001 0 5.10846e-07 0 0 1
Step 763 0.763 0.001 0 5.97735e-07 0 0 1
Step 764 0.764 0.001 1 1.74047e-14 0 0 1
Step 765 0.765 0.001 0 9.0541e-07 0 0 1
Step 766 0.766 0.001 0 6.94418e-07 0 0 1
Step 767 0.767 0.001 1 0 0 0 1
Step 768 0.768 0.001 1 6.15348e-15 0 0 1
Step 769 0.769 0.001 0 3.23261e-07 0 0 1
Step 770 0.77 0.001 0 1.07795e-07 0 0 1
Step 771 0.771 0.001 0 7.90227e-07 0 0 1
Step 772 0.772 0.001 0 2.38638e-08 0 0 1
Step 773 0.773 0.001 1 1.2307e-14 0 0 1
Step 774 0.774 0.001 0 8.20505e-07 0 0 1
Step 775 0.775 0.001 0 2.33695e-07 0 0 1
Step 776 0.776 0.001 1 1.2307e-14 0 0 1
Step 777 0.777 0.001 0 1.5809e-07 0 0 1
Step 778 0.778 0.001 0 4.42136e-07 0 0 1
Step 779 0.779 0.001 0 5.16204e-07 0 0 1
Step 780 0.78 0.001 0 9.40264e-07 0 0 1
Step 781 0.781 0.001 0 7.81079e-07 0 0 1
Step 782 0.782 0.001 1 7.10543e-15 0 0 1
Step 783 0.783 0.001 0 7.8782e-07 0 0 1
Step 784 0.784 0.001 1 1.00486e-14 0 0 1
Step 785 0.785 0.001 1 2.00972e-14 0 0 1
Step 786 0.786 0.001 0 8.15611e-07 0 0 1
Step 787 0.787 0.001 0 2.71834e-07 0 0 1
Step 788 0.788 0.001 1 1.58882e-14 0 0 1
Step 789 0.789 0.001 0 6.04873e-08 0 0 1
Step 790 0.79 0.001 0 4.7319e-07 0 0 1
Step 791 0.791 0.001 0 2.98909e-07 0 0 1
Step 792 0.792 0.001 1 9.3996e-15 0 0 1
Step 793 0.793 0.001 0 2.76492e-07 0 0 1
Step 794 0.794 0.001 0 4.05994e-07 0 0 1
Step 795 0.795 0.001 0 5.09832e-07 0 0 1
Step 796 0.796 0.001 1 1.42109e-14 0 0 1
Step 797 0.797 0.001 1 6.15348e-15 0 0 1
Step 798 0.798 0.001 0 3.65165e-07 0 0 1
Step 799 0.799 0.001 0 1.217e-07 0 0 1
Step 800 0.8 0.001 0 8.92549e-07 0 0 1
Step 801 0.801 0.001 0 2.71475e-08 0 0 1
Step 802 0.802 0.001 1 1.42109e-14 0 0 1
Step 803 0.803 0.001 0 9.27286e-07 0 0 1
Step 804 0.804 0.001 0 2.63854e-07 0 0 1
Step 805 0.805 0.001 1 6.15348e-15 0 0 1
Step 806 0.806 0.001 0 1.79233e-07 0 0 1
Step 807 0.807 0.001 0 4.99404e-07 0 0 1
Step 808 0.808 0.001 0 5.84585e-07 0 0 1
Step 809 0.809 0.001 1 1.00486e-14 0 0 1
Step 810 0.81 0.001 0 8.85465e-07 0 0 1
Step 811 0.811 0.001 0 6.79189e-07 0 0 1
Step 812 0.812 0.001 1 7.10543e-15 0 0 1
Step 813 0.813 0.001 1 1.42109e-14 0 0 1
Step 814 0.814 0.001 0 3.16132e-07 0 0 1
Step 815 0.815 0.001 0 1.05331e-07 0 0 1
Step 816 0.816 0.001 0 7.7276e-07 0 0 1
Step 817 0.817 0.001 0 2.36341e-08 0 0 1
Step 818 0.818 0.001 1 1.2307e-14 0 0 1
Step 819 0.819 0.001 0 8.03091e-07 0 0 1
Step 820 0.82 0.001 0 2.28306e-07 0 0 1
Step 821 0.821 0.001 1 1.00486e-14 0 0 1
Step 822 0.822 0.001 0 1.55758e-07 0 0 1
Step 823 0.823 0.001 0 4.32361e-07 0 0 1
Step 824 0.824 0.001 0 5.07448e-07 0 0 1
Step 825 0.825 0.001 0 9.18372e-07 0 0 1
Step 826 0.826 0.001 0 7.69599e-07 0 0 1
Step 827 0.827 0.001 1 2.10181e-14 0 0 1
Step 828 0.828 0.001 0 7.83775e-07 0 0 1
Step 829 0.829 0.001 1 1.84604e-14 0 0 1
Step 830 0.83 0.001 1 9.3996e-15 0 0 1
Step 831 0.831 0.001 0 8.10061e-07 0 0 1
Step 832 0.832 0.001 0 2.69986e-07 0 0 1
Step 833 0.833 0.001 1 1.2307e-14 0 0 1
Step 834 0.834 0.001 0 6.00677e-08 0 0 1
Step 835 0.835 0.001 0 4.69875e-07 0 0 1
Step 836 0.836 0.001 0 2.96735e-07 0 0 1
Step 837 0.837 0.001 1 1.2307e-14 0 0 1
Step 838 0.838 0.001 0 2.74281e-07 0 0 1
Step 839 0.839 0.001 0 4.03146e-07 0 0 1
Step 840 0.84 0.001 0 5.0557e-07 0 0 1
Step 841 0.841 0.001 1 1.58882e-14 0 0 1
Step 842 0.842 0.001 1 1.42109e-14 0 0 1
Step 843 0.843 0.001 0 3.62075e-07 0 0 1
Step 844 0.844 0.001 0 1.20671e-07 0 0 1
Step 845 0.845 0.001 0 8.85085e-07 0 0 1
Step 846 0.846 0.001 0 2.68698e-08 0 0 1
Step 847 0.847 0.001 1 1.87992e-14 0 0 1
Step 848 0.848 0.001 0 9.19308e-07 0 0 1
Step 849 0.849 0.001 0 2.61564e-07 0 0 1
Step 850 0.85 0.001 1 0 0 0 1
Step 851 0.851 0.001 0 1.778e-07 0 0 1
Step 852 0.852 0.001 0 4.95126e-07 0 0 1
Step 853 0.853 0.001 0 5.7992e-07 0 0 1
Step 854 0.854 0.001 1 0 0 0 1
Step 855 0.855 0.001 0 8.78743e-07 0 0 1
Step 856 0.856 0.001 0 6.7358e-07 0 0 1
Step 857 0.857 0.001 1 2.13163e-14 0 0 1
Step 858 0.858 0.001 1 2.00972e-14 0 0 1
Step 859 0.859 0.001 0 3.13441e-07 0 0 1
Step 860 0.86 0.001 0 1.04488e-07 0 0 1
Step 861 0.861 0.001 0 7.66225e-07 0 0 1
Step 862 0.862 0.001 0 2.31889e-08 0 0 1
Step 863 0.863 0.001 1 0 0 0 1
Step 864 0.864 0.001 0 7.95682e-07 0 0 1
Step 865 0.865 0.001 0 2.2655e-07 0 0 1
Step 866 0.866 0.001 1 0 0 0 1
Step 867 0.867 0.001 0 1.53516e-07 0 0 1
Step 868 0.868 0.001 0 4.28718e-07 0 0 1
Step 869 0.869 0.001 0 5.01098e-07 0 0 1
Step 870 0.87 0.001 0 9.11567e-07 0 0 1
Step 871 0.871 0.001 0 7.58594e-07 0 0 1
Step 872 0.872 0.001 1 1.74047e-14 0 0 1
Step 873 0.873 0.001 0 7.66718e-07 0 0 1
Step 874 0.874 0.001 1 1.87992e-14 0 0 1
Step 875 0.875 0.001 1 2.00972e-14 0 0 1
Step 876 0.876 0.001 0 7.93451e-07 0 0 1
Step 877 0.877 0.001 0 2.64403e-07 0 0 1
Step 878 0.878 0.001 1 1.74047e-14 0 0 1
Step 879 0.879 0.001 0 5.89954e-08 0 0 1
Step 880 0.88 0.001 0 4.6034e-07 0 0 1
Step 881 0.881 0.001 0 2.91117e-07 0 0 1
Step 882 0.882 0.001 1 1.42109e-14 0 0 1
Step 883 0.883 0.001 0 2.69707e-07 0 0 1
Step 884 0.884 0.001 0 3.95307e-07 0 0 1
Step 885 0.885 0.001 0 4.97581e-07 0 0 1
Step 886 0.886 0.001 1 1.00486e-14 0 0 1
Step 887 0.887 0.001 1 0 0 0 1
Step 888 0.888 0.001 0 3.5669e-07 0 0 1
Step 889 0.889 0.001 0 1.18893e-07 0 0 1
Step 890 0.89 0.001 0 8.7189e-07 0 0 1
Step 891 0.891 0.001 0 2.64666e-08 0 0 1
Step 892 0.892 0.001 1 1.42109e-14 0 0 1
Step 893 0.893 0.001 0 9.0568e-07 0 0 1
Step 894 0.894 0.001 0 2.57778e-07 0 0 1
Step 895 0.895 0.001 1 2.00972e-14 0 0 1
Step 896 0.896 0.001 0 1.74846e-07 0 0 1
Step 897 0.897 0.001 0 4.878e-07 0 0 1
Step 898 0.898 0.001 0 5.70497e-07 0 0 1
Step 899 0.899 0.001 1 1.58882e-14 0 0 1
Step 900 0.9 0.001 0 8.639e-07 0 0 1
Step 901 0.901 0.001 0 6.62929e-07 0 0 1
Step 902 0.902 0.001 1 2.13163e-14 0 0 1
Step 903 0.903 0.001 1 2.3566e-14 0 0 1
Step 904 0.904 0.001 0 3.08704e-07 0 0 1
Step 905 0.905 0.001 0 1.02833e-07 0 0 1
Step 906 0.906 0.001 0 7.54595e-07 0 0 1
Step 907 0.907 0.001 0 2.31116e-08 0 0 1
Step 908 0.908 0.001 1 1.42109e-14 0 0 1
Step 909 0.909 0.001 0 7.8427e-07 0 0 1
Step 910 0.91 0.001 0 2.22964e-07 0 0 1
Step 911 0.911 0.001 1 1.42109e-14 0 0 1
Step 912 0.912 0.001 0 1.52101e-07 0 0 1
Step 913 0.913 0.001 0 4.22242e-07 0 0 1
Step 914 0.914 0.001 0 4.95527e-07 0 0 1
Step 915 0.915 0.001 0 8.96924e-07 0 0 1
Step 916 0.916 0.001 0 7.51422e-07 0 0 1
Step 917 0.917 0.001 1 1.00486e-14 0 0 1
Step 918 0.918 0.001 0 7.65177e-07 0 0 1
Step 919 0.919 0.001 0 9.97538e-07 0 0 1
Step 920 0.92 0.001 1 0 0 0 1
Step 921 0.921 0.001 1 2.00972e-14 0 0 1
Step 922 0.922 0.001 0 6.23277e-07 0 0 1
Step 923 0.923 0.001 0 2.07671e-07 0 0 1
Step 924 0.924 0.001 1 2.13163e-14 0 0 1
Step 925 0.925 0.001 0 4.63674e-08 0 0 1
Step 926 0.926 0.001 0 3.61548e-07 0 0 1
Step 927 0.927 0.001 0 2.28733e-07 0 0 1
Step 928 0.928 0.001 0 8.42632e-07 0 0 1
Step 929 0.929 0.001 0 2.11996e-07 0 0 1
Step 930 0.93 0.001 1 1.74047e-14 0 0 1
Step 931 0.931 0.001 0 3.5805e-07 0 0 1
Step 932 0.932 0.001 0 4.72498e-07 0 0 1
Step 933 0.933 0.001 0 9.9276e-07 0 0 1
Step 934 0.934 0.001 0 8.36999e-07 0 0 1
Step 935 0.935 0.001 1 2.13163e-14 0 0 1
Step 936 0.936 0.001 0 9.03316e-07 0 0 1
Step 937 0.937 0.001 1 1.87992e-14 0 0 1
Step 938 0.938 0.001 1 2.00972e-14 0 0 1
Step 939 0.939 0.001 0 9.24247e-07 0 0 1
Step 940 0.94 0.001 0 3.08005e-07 0 0 1
Step 941 0.941 0.001 1 1.74047e-14 0 0 1
Step 942 0.942 0.001 0 6.85589e-08 0 0 1
Step 943 0.943 0.001 0 5.36094e-07 0 0 1
Step 944 0.944 0.001 0 3.38517e-07 0 0 1
Step 945 0.945 0.001 1 1.42109e-14 0 0 1
Step 946 0.946 0.001 0 3.12819e-07 0 0 1
Step 947 0.947 0.001 0 4.60013e-07 0 0 1
Step 948 0.948 0.001 0 5.76602e-07 0 0 1
Step 949 0.949 0.001 1 0 0 0 1
Step 950 0.95 0.001 1 2.92964e-14 0 0 1
Step 951 0.951 0.001 0 4.12804e-07 0 0 1
Step 952 0.952 0.001 0 1.37626e-07 0 0 1
Step 953 0.953 0.001 1 1.2307e-14 0 0 1
Step 954 0.954 0.001 0 3.03976e-08 0 0 1
Step 955 0.955 0.001 0 2.39553e-07 0 0 1
Step 956 0.956 0.001 0 1.50635e-07 0 0 1
Step 957 0.957 0.001 0 5.58467e-07 0 0 1
Step 958 0.958 0.001 0 1.38403e-07 0 0 1
Step 959 0.959 0.001 1 1.2307e-14 0 0 1
Step 960 0.96 0.001 0 2.42155e-07 0 0 1
Step 961 0.961 0.001 0 3.11223e-07 0 0 1
Step 962 0.962 0.001 0 6.68614e-07 0 0 1
Step 963 0.963 0.001 0 5.45985e-07 0 0 1
Step 964 0.964 0.001 1 2.00972e-14 0 0 1
Step 965 0.965 0.001 0 5.70543e-07 0 0 1
Step 966 0.966 0.001 0 7.20382e-07 0 0 1
Step 967 0.967 0.001 1 1.58882e-14 0 0 1
Step 968 0.968 0.001 1 0 0 0 1
Step 969 0.969 0.001 0 4.45682e-07 0 0 1
Step 970 0.97 0.001 0 1.48644e-07 0 0 1
Step 971 0.971 0.001 1 1.87992e-14 0 0 1
Step 972 0.972 0.001 0 3.26831e-08 0 0 1
Step 973 0.973 0.001 0 2.58621e-07 0 0 1
Step 974 0.974 0.001 0 1.62317e-07 0 0 1
Step 975 0.975 0.001 0 6.0304e-07 0 0 1
Step 976 0.976 0.001 0 1.48707e-07 0 0 1
Step 977 0.977 0.001 1 1.42109e-14 0 0 1
Step 978 0.978 0.001 0 2.63366e-07 0 0 1
Step 979 0.979 0.001 0 3.35297e-07 0 0 1
Step 980 0.98 0.001 0 7.26061e-07 0 0 1
Step 981 0.981 0.001 0 5.86263e-07 0 0 1
Step 982 0.982 0.001 1 1.74047e-14 0 0 1
Step 983 0.983 0.001 0 6.07215e-07 0 0 1
Step 984 0.984 0.001 0 7.75905e-07 0 0 1
Step 985 0.985 0.001 1 2.00972e-14 0 0 1
Step 986 0.986 0.001 1 1.42109e-14 0 0 1
Step 987 0.987 0.001 0 4.83121e-07 0 0 1
Step 988 0.988 0.001 0 1.61105e-07 0 0 1
Step 989 0.989 0.001 1 0 0 0 1
Step 990 0.99 0.001 0 3.55625e-08 0 0 1
Step 991 0.991 0.001 0 2.80281e-07 0 0 1
Step 992 0.992 0.001 0 1.76371e-07 0 0 1
Step 993 0.993 0.001 0 6.53521e-07 0 0 1
Step 994 0.994 0.001 0 1.62156e-07 0 0 1
Step 995 0.995 0.001 1 2.84217e-14 0 0 1
Step 996 0.996 0.001 0 2.82687e-07 0 0 1
Step 997 0.997 0.001 0 3.64386e-07 0 0 1
Step 998 0.998 0.001 0 7.81014e-07 0 0 1
Step 999 0.999 0.001 0 6.39642e-07 0 0 1
Step 1000 1 0.001 1 1.00486e-14 0 0 1
