# Derivatives solution step at time 0 performed in 1 iterations with 3.10219e-07 error
# Key for lines starting with "Step":
# Step Time TStep NIter ResErr SolErr SolConv Out
Step 0 0 0 1 3.10219e-07 0 0 1
Step 1 0.001 0.001 1 0 0 0 1
Step 2 0.002 0.001 0 3.10219e-07 0 0 1
Step 3 0.003 0.001 0 6.20439e-07 0 0 1
Step 4 0.004 0.001 0 9.30657e-07 0 0 1
Step 5 0.005 0.001 1 1.35002e-16 0 0 1
Step 6 0.006 0.001 1 1.08827e-14 0 0 1
Step 7 0.007 0.001 1 5.30634e-15 0 0 1
Step 8 0.008 0.001 0 3.44686e-07 0 0 1
Step 9 0.009 0.001 0 1.14895e-07 0 0 1
Step 10 0.01 0.001 0 8.4257e-07 0 0 1
Step 11 0.011 0.001 0 2.553e-08 0 0 1
Step 12 0.012 0.001 1 6.20729e-15 0 0 1
Step 13 0.013 0.001 0 8.75186e-07 0 0 1
Step 14 0.014 0.001 0 2.49178e-07 0 0 1
Step 15 0.015 0.001 1 2.06062e-15 0 0 1
Step 16 0.016 0.001 0 1.68846e-07 0 0 1
Step 17 0.017 0.001 0 4.71577e-07 0 0 1
Step 18 0.018 0.001 0 5.51173e-07 0 0 1
Step 19 0.019 0.001 1 2.52383e-15 0 0 1
Step 20 0.02 0.001 0 8.34322e-07 0 0 1
Step 21 0.021 0.001 0 6.40506e-07 0 0 1
Step 22 0.022 0.001 1 1.19828e-14 0 0 1
Step 23 0.023 0.001 1 2.12225e-14 0 0 1
Step 24 0.024 0.001 0 2.98416e-07 0 0 1
Step 25 0.025 0.001 0 9.94721e-08 0 0 1
Step 26 0.026 0.001 0 7.29462e-07 0 0 1
Step 27 0.027 0.001 0 2.21075e-08 0 0 1
Step 28 0.028 0.001 1 2.27714e-14 0 0 1
Step 29 0.029 0.001 0 7.57697e-07 0 0 1
Step 30 0.03 0.001 0 2.15721e-07 0 0 1
Step 31 0.031 0.001 1 7.14734e-15 0 0 1
Step 32 0.032 0.001 0 1.46193e-07 0 0 1
Step 33 0.033 0.001 0 4.08266e-07 0 0 1
Step 34 0.034 0.001 0 4.77214e-07 0 0 1
Step 35 0.035 0.001 0 8.6805e-07 0 0 1
Step 36 0.036 0.001 0 7.22401e-07 0 0 1
Step 37 0.037 0.001 1 1.444e-15 0 0 1
Step 38 0.038 0.001 0 7.29145e-07 0 0 1
Step 39 0.039 0.001 0 9.60946e-07 0 0 1
Step 40 0.04 0.001 1 6.27029e-16 0 0 1
Step 41 0.041 0.001 1 2.10904e-14 0 0 1
Step 42 0.042 0.001 0 6.02526e-07 0 0 1
Step 43 0.043 0.001 0 2.00848e-07 0 0 1
Step 44 0.044 0.001 1 2.24587e-14 0 0 1
Step 45 0.045 0.001 0 4.46226e-08 0 0 1
Step 46 0.046 0.001 0 3.49622e-07 0 0 1
Step 47 0.047 0.001 0 2.20654e-07 0 0 1
Step 48 0.048 0.001 0 8.14981e-07 0 0 1
Step 49 0.049 0.001 0 2.03818e-07 0 0 1
Step 50 0.05 0.001 1 1.42097e-15 0 0 1
Step 51 0.051 0.001 0 3.48809e-07 0 0 1
Step 52 0.052 0.001 0 4.55945e-07 0 0 1
Step 53 0.053 0.001 0 9.65882e-07 0 0 1
Step 54 0.054 0.001 0 8.0451e-07 0 0 1
Step 55 0.055 0.001 1 1.21317e-14 0 0 1
Step 56 0.056 0.001 0 8.54908e-07 0 0 1
Step 57 0.057 0.001 1 1.46769e-14 0 0 1
Step 58 0.058 0.001 1 4.97788e-15 0 0 1
Step 59 0.059 0.001 0 8.77286e-07 0 0 1
Step 60 0.06 0.001 0 2.92481e-07 0 0 1
Step 61 0.061 0.001 1 2.85506e-15 0 0 1
Step 62 0.062 0.001 0 6.49179e-08 0 0 1
Step 63 0.063 0.001 0 5.09131e-07 0 0 1
Step 64 0.064 0.001 0 3.21233e-07 0 0 1
Step 65 0.065 0.001 1 2.64898e-14 0 0 1
Step 66 0.066 0.001 0 2.96622e-07 0 0 1
Step 67 0.067 0.001 0 4.36543e-07 0 0 1
Step 68 0.068 0.001 0 5.46562e-07 0 0 1
Step 69 0.069 0.001 1 2.78634e-14 0 0 1
Step 70 0.07 0.001 1 6.36499e-15 0 0 1
Step 71 0.071 0.001 0 3.91216e-07 0 0 1
Step 72 0.072 0.001 0 1.30421e-07 0 0 1
Step 73 0.073 0.001 0 9.56318e-07 0 0 1
Step 74 0.074 0.001 0 2.89393e-08 0 0 1
Step 75 0.075 0.001 1 2.27416e-14 0 0 1
Step 76 0.076 0.001 0 9.93259e-07 0 0 1
Step 77 0.077 0.001 0 2.82895e-07 0 0 1
Step 78 0.078 0.001 1 1.55615e-14 0 0 1
Step 79 0.079 0.001 0 1.91376e-07 0 0 1
Step 80 0.08 0.001 0 5.35308e-07 0 0 1
Step 81 0.081 0.001 0 6.2497e-07 0 0 1
Step 82 0.082 0.001 1 9.85309e-16 0 0 1
Step 83 0.083 0.001 0 9.45579e-07 0 0 1
Step 84 0.084 0.001 0 7.26437e-07 0 0 1
Step 85 0.085 0.001 1 9.07353e-16 0 0 1
Step 86 0.086 0.001 1 2.88281e-15 0 0 1
Step 87 0.087 0.001 0 3.3867e-07 0 0 1
Step 88 0.088 0.001 0 1.12869e-07 0 0 1
Step 89 0.089 0.001 0 8.27877e-07 0 0 1
Step 90 0.09 0.001 0 2.51243e-08 0 0 1
Step 91 0.091 0.001 1 6.13674e-15 0 0 1
Step 92 0.092 0.001 0 8.6006e-07 0 0 1
Step 93 0.093 0.001 0 2.44797e-07 0 0 1
Step 94 0.094 0.001 1 1.4784e-14 0 0 1
Step 95 0.095 0.001 0 1.66119e-07 0 0 1
Step 96 0.096 0.001 0 4.6338e-07 0 0 1
Step 97 0.097 0.001 0 5.42092e-07 0 0 1
Step 98 0.098 0.001 0 9.85062e-07 0 0 1
Step 99 0.099 0.001 0 8.20919e-07 0 0 1
Step 100 0.1 0.001 1 1.42019e-15 0 0 1
Step 101 0.101 0.001 0 8.29887e-07 0 0 1
Step 102 0.102 0.001 1 2.39035e-14 0 0 1
Step 103 0.103 0.001 1 6.96844e-15 0 0 1
Step 104 0.104 0.001 0 8.58976e-07 0 0 1
Step 105 0.105 0.001 0 2.86354e-07 0 0 1
Step 106 0.106 0.001 1 5.94717e-15 0 0 1
Step 107 0.107 0.001 0 6.35349e-08 0 0 1
Step 108 0.108 0.001 0 4.98433e-07 0 0 1
Step 109 0.109 0.001 0 3.14407e-07 0 0 1
Step 110 0.11 0.001 1 3.5759e-15 0 0 1
Step 111 0.111 0.001 0 2.90202e-07 0 0 1
Step 112 0.112 0.001 0 4.27281e-07 0 0 1
Step 113 0.113 0.001 0 5.34679e-07 0 0 1
Step 114 0.114 0.001 1 4.15916e-15 0 0 1
Step 115 0.115 0.001 1 3.30044e-16 0 0 1
Step 116 0.116 0.001 0 3.82638e-07 0 0 1
Step 117 0.117 0.001 0 1.27559e-07 0 0 1
Step 118 0.118 0.001 0 9.35343e-07 0 0 1
Step 119 0.119 0.001 0 2.82961e-08 0 0 1
Step 120 0.12 0.001 1 1.20057e-14 0 0 1
Step 121 0.121 0.001 0 9.71479e-07 0 0 1
Step 122 0.122 0.001 0 2.76652e-07 0 0 1
Step 123 0.123 0.001 1 8.07152e-15 0 0 1
Step 124 0.124 0.001 0 1.87282e-07 0 0 1
Step 125 0.125 0.001 0 5.23513e-07 0 0 1
Step 126 0.126 0.001 0 6.11517e-07 0 0 1
Step 127 0.127 0.001 1 3.60856e-15 0 0 1
Step 128 0.128 0.001 0 9.25425e-07 0 0 1
Step 129 0.129 0.001 0 7.10686e-07 0 0 1
Step 130 0.13 0.001 1 1.01569e-14 0 0 1
Step 131 0.131 0.001 1 3.12559e-15 0 0 1
Step 132 0.132 0.001 0 3.31215e-07 0 0 1
Step 133 0.133 0.001 0 1.10426e-07 0 0 1
Step 134 0.134 0.001 0 8.09649e-07 0 0 1
Step 135 0.135 0.001 0 2.44563e-08 0 0 1
Step 136 0.136 0.001 1 5.32158e-15 0 0 1
Step 137 0.137 0.001 0 8.40814e-07 0 0 1
Step 138 0.138 0.001 0 2.39546e-07 0 0 1
Step 139 0.139 0.001 1 2.8759e-15 0 0 1
Step 140 0.14 0.001 0 1.61811e-07 0 0 1
Step 141 0.141 0.001 0 4.53216e-07 0 0 1
Step 142 0.142 0.001 0 5.28626e-07 0 0 1
Step 143 0.143 0.001 0 9.64084e-07 0 0 1
Step 144 0.144 0.001 0 7.99408e-07 0 0 1
Step 145 0.145 0.001 1 5.19332e-15 0 0 1
Step 146 0.146 0.001 0 8.03406e-07 0 0 1
Step 147 0.147 0.001 1 7.51837e-15 0 0 1
Step 148 0.148 0.001 1 1.6868e-15 0 0 1
Step 149 0.149 0.001 0 8.3235e-07 0 0 1
Step 150 0.15 0.001 0 2.7747e-07 0 0 1
Step 151 0.151 0.001 1 8.80786e-15 0 0 1
Step 152 0.152 0.001 0 6.16187e-08 0 0 1
Step 153 0.153 0.001 0 4.82948e-07 0 0 1
Step 154 0.154 0.001 0 3.04748e-07 0 0 1
Step 155 0.155 0.001 1 3.72376e-16 0 0 1
Step 156 0.156 0.001 0 2.81408e-07 0 0 1
Step 157 0.157 0.001 0 4.14057e-07 0 0 1
Step 158 0.158 0.001 0 5.18547e-07 0 0 1
Step 159 0.159 0.001 1 3.02828e-15 0 0 1
Step 160 0.16 0.001 1 8.53011e-17 0 0 1
Step 161 0.161 0.001 0 3.71121e-07 0 0 1
Step 162 0.162 0.001 0 1.23727e-07 0 0 1
Step 163 0.163 0.001 0 9.07213e-07 0 0 1
Step 164 0.164 0.001 0 2.74268e-08 0 0 1
Step 165 0.165 0.001 1 1.50868e-14 0 0 1
Step 166 0.166 0.001 0 9.42176e-07 0 0 1
Step 167 0.167 0.001 0 2.68416e-07 0 0 1
Step 168 0.168 0.001 1 6.62575e-15 0 0 1
Step 169 0.169 0.001 0 1.8144e-07 0 0 1
Step 170 0.17 0.001 0 5.07826e-07 0 0 1
Step 171 0.171 0.001 0 5.92645e-07 0 0 1
Step 172 0.172 0.001 1 1.90888e-15 0 0 1
Step 173 0.173 0.001 0 8.96452e-07 0 0 1
Step 174 0.174 0.001 0 6.88919e-07 0 0 1
Step 175 0.175 0.001 1 9.85883e-15 0 0 1
Step 176 0.176 0.001 1 1.43732e-15 0 0 1
Step 177 0.177 0.001 0 3.21226e-07 0 0 1
Step 178 0.178 0.001 0 1.07102e-07 0 0 1
Step 179 0.179 0.001 0 7.85208e-07 0 0 1
Step 180 0.18 0.001 0 2.37022e-08 0 0 1
Step 181 0.181 0.001 1 1.23842e-14 0 0 1
Step 182 0.182 0.001 0 8.1536e-07 0 0 1
Step 183 0.183 0.001 0 2.32274e-07 0 0 1
Step 184 0.184 0.001 1 3.31246e-15 0 0 1
Step 185 0.185 0.001 0 1.57007e-07 0 0 1
Step 186 0.186 0.001 0 4.39435e-07 0 0 1
Step 187 0.187 0.001 0 5.12829e-07 0 0 1
Step 188 0.188 0.001 0 9.34556e-07 0 0 1
Step 189 0.189 0.001 0 7.75741e-07 0 0 1
Step 190 0.19 0.001 1 5.00502e-15 0 0 1
Step 191 0.191 0.001 0 7.80617e-07 0 0 1
Step 192 0.192 0.001 1 1.0858e-14 0 0 1
Step 193 0.193 0.001 1 1.75493e-14 0 0 1
Step 194 0.194 0.001 0 8.08668e-07 0 0 1
Step 195 0.195 0.001 0 2.69584e-07 0 0 1
Step 196 0.196 0.001 1 1.01356e-14 0 0 1
Step 197 0.197 0.001 0 5.98619e-08 0 0 1
Step 198 0.198 0.001 0 4.69317e-07 0 0 1
Step 199 0.199 0.001 0 2.96085e-07 0 0 1
Step 200 0.2 0.001 1 1.81e-14 0 0 1
Step 201 0.201 0.001 0 2.73361e-07 0 0 1
Step 202 0.202 0.001 0 4.02356e-07 0 0 1
Step 203 0.203 0.001 0 5.03641e-07 0 0 1
Step 204 0.204 0.001 1 1.48246e-15 0 0 1
Step 205 0.205 0.001 1 1.41462e-14 0 0 1
Step 206 0.206 0.001 0 3.60424e-07 0 0 1
Step 207 0.207 0.001 0 1.20177e-07 0 0 1
Step 208 0.208 0.001 0 8.81013e-07 0 0 1
Step 209 0.209 0.001 0 2.66107e-08 0 0 1
Step 210 0.21 0.001 1 7.90039e-15 0 0 1
Step 211 0.211 0.001 0 9.14851e-07 0 0 1
Step 212 0.212 0.001 0 2.60675e-07 0 0 1
Step 213 0.213 0.001 1 8.87657e-15 0 0 1
Step 214 0.214 0.001 0 1.75981e-07 0 0 1
Step 215 0.215 0.001 0 4.93091e-07 0 0 1
Step 216 0.216 0.001 0 5.74985e-07 0 0 1
Step 217 0.217 0.001 1 3.80856e-17 0 0 1
Step 218 0.218 0.001 0 8.695e-07 0 0 1
Step 219 0.219 0.001 0 6.68456e-07 0 0 1
Step 220 0.22 0.001 1 2.06313e-15 0 0 1
Step 221 0.221 0.001 1 6.11309e-15 0 0 1
Step 222 0.222 0.001 0 3.11796e-07 0 0 1
Step 223 0.223 0.001 0 1.04007e-07 0 0 1
Step 224 0.224 0.001 0 7.62161e-07 0 0 1
Step 225 0.225 0.001 0 2.28991e-08 0 0 1
Step 226 0.226 0.001 1 3.64121e-15 0 0 1
Step 227 0.227 0.001 0 7.91289e-07 0 0 1
Step 228 0.228 0.001 0 2.25613e-07 0 0 1
Step 229 0.229 0.001 1 6.21462e-15 0 0 1
Step 230 0.23 0.001 0 1.51916e-07 0 0 1
Step 231 0.231 0.001 0 4.26665e-07 0 0 1
Step 232 0.232 0.001 0 4.96636e-07 0 0 1
Step 233 0.233 0.001 0 9.07896e-07 0 0 1
Step 234 0.234 0.001 0 7.50355e-07 0 0 1
Step 235 0.235 0.001 1 4.92324e-15 0 0 1
Step 236 0.236 0.001 0 7.51246e-07 0 0 1
Step 237 0.237 0.001 1 1.48015e-15 0 0 1
Step 238 0.238 0.001 1 6.36738e-15 0 0 1
Step 239 0.239 0.001 0 7.78929e-07 0 0 1
Step 240 0.24 0.001 0 2.59636e-07 0 0 1
Step 241 0.241 0.001 1 4.27858e-15 0 0 1
Step 242 0.242 0.001 0 5.7762e-08 0 0 1
Step 243 0.243 0.001 0 4.52034e-07 0 0 1
Step 244 0.244 0.001 0 2.85373e-07 0 0 1
Step 245 0.245 0.001 1 5.55773e-15 0 0 1
Step 246 0.246 0.001 0 2.63664e-07 0 0 1
Step 247 0.247 0.001 0 3.87712e-07 0 0 1
Step 248 0.248 0.001 0 4.85928e-07 0 0 1
Step 249 0.249 0.001 1 3.90007e-15 0 0 1
Step 250 0.25 0.001 1 1.07655e-14 0 0 1
Step 251 0.251 0.001 0 3.47869e-07 0 0 1
Step 252 0.252 0.001 0 1.1589e-07 0 0 1
Step 253 0.253 0.001 0 8.50338e-07 0 0 1
Step 254 0.254 0.001 0 2.58819e-08 0 0 1
Step 255 0.255 0.001 1 3.98253e-15 0 0 1
Step 256 0.256 0.001 0 8.83455e-07 0 0 1
Step 257 0.257 0.001 0 2.5131e-07 0 0 1
Step 258 0.258 0.001 1 9.88276e-15 0 0 1
Step 259 0.259 0.001 0 1.71e-07 0 0 1
Step 260 0.26 0.001 0 4.75826e-07 0 0 1
Step 261 0.261 0.001 0 5.57555e-07 0 0 1
Step 262 0.262 0.001 1 2.2585e-15 0 0 1
Step 263 0.263 0.001 0 8.44968e-07 0 0 1
Step 264 0.264 0.001 0 6.47562e-07 0 0 1
Step 265 0.265 0.001 1 4.69298e-15 0 0 1
Step 266 0.266 0.001 1 3.22281e-15 0 0 1
Step 267 0.267 0.001 0 3.01283e-07 0 0 1
Step 268 0.268 0.001 0 1.00395e-07 0 0 1
Step 269 0.269 0.001 0 7.36454e-07 0 0 1
Step 270 0.27 0.001 0 2.24614e-08 0 0 1
Step 271 0.271 0.001 1 6.76771e-15 0 0 1
Step 272 0.272 0.001 0 7.65242e-07 0 0 1
Step 273 0.273 0.001 0 2.17684e-07 0 0 1
Step 274 0.274 0.001 1 6.26456e-16 0 0 1
Step 275 0.275 0.001 0 1.48071e-07 0 0 1
Step 276 0.276 0.001 0 4.12077e-07 0 0 1
Step 277 0.277 0.001 0 4.82893e-07 0 0 1
Step 278 0.278 0.001 0 8.75625e-07 0 0 1
Step 279 0.279 0.001 0 7.3183e-07 0 0 1
Step 280 0.28 0.001 1 4.36042e-15 0 0 1
Step 281 0.281 0.001 0 7.42258e-07 0 0 1
Step 282 0.282 0.001 0 9.72171e-07 0 0 1
Step 283 0.283 0.001 1 6.42356e-15 0 0 1
Step 284 0.284 0.001 1 3.62836e-15 0 0 1
Step 285 0.285 0.001 0 6.08213e-07 0 0 1
Step 286 0.286 0.001 0 2.02682e-07 0 0 1
Step 287 0.287 0.001 1 3.03826e-15 0 0 1
Step 288 0.288 0.001 0 4.51819e-08 0 0 1
Step 289 0.289 0.001 0 3.52898e-07 0 0 1
Step 290 0.29 0.001 0 2.23002e-07 0 0 1
Step 291 0.291 0.001 0 8.22528e-07 0 0 1
Step 292 0.292 0.001 0 2.06344e-07 0 0 1
Step 293 0.293 0.001 1 7.4969e-16 0 0 1
Step 294 0.294 0.001 0 3.506e-07 0 0 1
Step 295 0.295 0.001 0 4.60742e-07 0 0 1
Step 296 0.296 0.001 0 9.71584e-07 0 0 1
Step 297 0.297 0.001 0 8.14604e-07 0 0 1
Step 298 0.298 0.001 1 1.64059e-15 0 0 1
Step 299 0.299 0.001 0 8.71677e-07 0 0 1
Step 300 0.3 0.001 1 4.43463e-15 0 0 1
Step 301 0.301 0.001 1 7.76432e-15 0 0 1
Step 302 0.302 0.001 0 8.93377e-07 0 0 1
Step 303 0.303 0.001 0 2.97755e-07 0 0 1
Step 304 0.304 0.001 1 3.30785e-15 0 0 1
Step 305 0.305 0.001 0 6.6249e-08 0 0 1
Step 306 0.306 0.001 0 5.18373e-07 0 0 1
Step 307 0.307 0.001 0 3.27265e-07 0 0 1
Step 308 0.308 0.001 1 2.88491e-15 0 0 1
Step 309 0.309 0.001 0 3.023e-07 0 0 1
Step 310 0.31 0.001 0 4.44612e-07 0 0 1
Step 311 0.311 0.001 0 5.57123e-07 0 0 1
Step 312 0.312 0.001 1 2.1933e-15 0 0 1
Step 313 0.313 0.001 1 1.53605e-15 0 0 1
Step 314 0.314 0.001 0 3.98886e-07 0 0 1
Step 315 0.315 0.001 0 1.32994e-07 0 0 1
Step 316 0.316 0.001 0 9.75102e-07 0 0 1
Step 317 0.317 0.001 0 2.94918e-08 0 0 1
Step 318 0.318 0.001 1 8.49656e-16 0 0 1
Step 319 0.319 0.001 1 1.31591e-15 0 0 1
Step 320 0.32 0.001 0 2.88448e-07 0 0 1
Step 321 0.321 0.001 0 9.61471e-08 0 0 1
Step 322 0.322 0.001 0 7.05056e-07 0 0 1
Step 323 0.323 0.001 0 2.14005e-08 0 0 1
Step 324 0.324 0.001 1 8.07687e-16 0 0 1
Step 325 0.325 0.001 0 7.32405e-07 0 0 1
Step 326 0.326 0.001 0 2.08475e-07 0 0 1
Step 327 0.327 0.001 1 7.70432e-16 0 0 1
Step 328 0.328 0.001 0 1.4144e-07 0 0 1
Step 329 0.329 0.001 0 3.94512e-07 0 0 1
Step 330 0.33 0.001 0 4.61561e-07 0 0 1
Step 331 0.331 0.001 0 8.38596e-07 0 0 1
Step 332 0.332 0.001 0 6.99021e-07 0 0 1
Step 333 0.333 0.001 1 2.00835e-15 0 0 1
Step 334 0.334 0.001 0 7.06813e-07 0 0 1
Step 335 0.335 0.001 0 9.29364e-07 0 0 1
Step 336 0.336 0.001 1 3.97297e-15 0 0 1
Step 337 0.337 0.001 1 1.58181e-15 0 0 1
Step 338 0.338 0.001 0 5.82219e-07 0 0 1
Step 339 0.339 0.001 0 1.94112e-07 0 0 1
Step 340 0.34 0.001 1 1.5824e-15 0 0 1
Step 341 0.341 0.001 0 4.3053e-08 0 0 1
Step 342 0.342 0.001 0 3.37989e-07 0 0 1
Step 343 0.343 0.001 0 2.13125e-07 0 0 1
Step 344 0.344 0.001 0 7.87991e-07 0 0 1
Step 345 0.345 0.001 0 1.96645e-07 0 0 1
Step 346 0.346 0.001 1 1.41225e-15 0 0 1
Step 347 0.347 0.001 0 3.38158e-07 0 0 1
Step 348 0.348 0.001 0 4.40411e-07 0 0 1
Step 349 0.349 0.001 0 9.35784e-07 0 0 1
Step 350 0.35 0.001 0 7.76008e-07 0 0 1
Step 351 0.351 0.001 1 1.30176e-15 0 0 1
Step 352 0.352 0.001 0 8.20552e-07 0 0 1
Step 353 0.353 0.001 1 4.37816e-15 0 0 1
Step 354 0.354 0.001 1 1.85149e-15 0 0 1
Step 355 0.355 0.001 0 8.42923e-07 0 0 1
Step 356 0.356 0.001 0 2.81008e-07 0 0 1
Step 357 0.357 0.001 1 1.91419e-15 0 0 1
Step 358 0.358 0.001 0 6.24587e-08 0 0 1
Step 359 0.359 0.001 0 4.89254e-07 0 0 1
Step 360 0.36 0.001 0 3.08849e-07 0 0 1
Step 361 0.361 0.001 1 5.1286e-16 0 0 1
Step 362 0.362 0.001 0 2.85353e-07 0 0 1
Step 363 0.363 0.001 0 4.19725e-07 0 0 1
Step 364 0.364 0.001 0 5.25936e-07 0 0 1
Step 365 0.365 0.001 1 1.52587e-15 0 0 1
Step 366 0.366 0.001 1 6.34604e-16 0 0 1
Step 367 0.367 0.001 0 3.76593e-07 0 0 1
Step 368 0.368 0.001 0 1.25521e-07 0 0 1
Step 369 0.369 0.001 0 9.20682e-07 0 0 1
Step 370 0.37 0.001 0 2.78583e-08 0 0 1
Step 371 0.371 0.001 1 6.09867e-16 0 0 1
Step 372 0.372 0.001 0 9.56362e-07 0 0 1
Step 373 0.373 0.001 0 2.72316e-07 0 0 1
Step 374 0.374 0.001 1 4.9316e-16 0 0 1
Step 375 0.375 0.001 0 1.84577e-07 0 0 1
Step 376 0.376 0.001 0 5.1546e-07 0 0 1
Step 377 0.377 0.001 0 6.02603e-07 0 0 1
Step 378 0.378 0.001 1 7.74003e-17 0 0 1
Step 379 0.379 0.001 0 9.12457e-07 0 0 1
Step 380 0.38 0.001 0 7.00355e-07 0 0 1
Step 381 0.381 0.001 1 1.32451e-15 0 0 1
Step 382 0.382 0.001 1 9.69052e-17 0 0 1
Step 383 0.383 0.001 0 3.26277e-07 0 0 1
Step 384 0.384 0.001 0 1.08838e-07 0 0 1
Step 385 0.385 0.001 0 7.97635e-07 0 0 1
Step 386 0.386 0.001 0 2.39882e-08 0 0 1
Step 387 0.387 0.001 1 3.33811e-16 0 0 1
Step 388 0.388 0.001 0 8.28241e-07 0 0 1
Step 389 0.389 0.001 0 2.36117e-07 0 0 1
Step 390 0.39 0.001 1 4.42076e-16 0 0 1
Step 391 0.391 0.001 0 1.5918e-07 0 0 1
Step 392 0.392 0.001 0 4.4664e-07 0 0 1
Step 393 0.393 0.001 0 5.20432e-07 0 0 1
Step 394 0.394 0.001 0 9.50457e-07 0 0 1
Step 395 0.395 0.001 0 7.86798e-07 0 0 1
Step 396 0.396 0.001 1 1.72731e-16 0 0 1
Step 397 0.397 0.001 0 7.89373e-07 0 0 1
Step 398 0.398 0.001 1 4.3726e-16 0 0 1
Step 399 0.399 0.001 1 4.73127e-17 0 0 1
Step 400 0.4 0.001 0 8.18319e-07 0 0 1
Step 401 0.401 0.001 0 2.7273e-07 0 0 1
Step 402 0.402 0.001 1 1.04539e-17 0 0 1
Step 403 0.403 0.001 0 6.08155e-08 0 0 1
Step 404 0.404 0.001 0 4.7487e-07 0 0 1
Step 405 0.405 0.001 0 3.00285e-07 0 0 1
Step 406 0.406 0.001 1 2.95656e-17 0 0 1
Step 407 0.407 0.001 0 2.78117e-07 0 0 1
Step 408 0.408 0.001 0 4.07849e-07 0 0 1
Step 409 0.409 0.001 0 5.13128e-07 0 0 1
Step 410 0.41 0.001 1 5.07759e-17 0 0 1
Step 411 0.411 0.001 1 1.02705e-16 0 0 1
Step 412 0.412 0.001 0 3.6786e-07 0 0 1
Step 413 0.413 0.001 0 1.22696e-07 0 0 1
Step 414 0.414 0.001 0 8.99354e-07 0 0 1
Step 415 0.415 0.001 0 2.71627e-08 0 0 1
Step 416 0.416 0.001 1 5.76406e-16 0 0 1
Step 417 0.417 0.001 0 9.34275e-07 0 0 1
Step 418 0.418 0.001 0 2.6626e-07 0 0 1
Step 419 0.419 0.001 1 2.9791e-16 0 0 1
Step 420 0.42 0.001 0 1.79684e-07 0 0 1
Step 421 0.421 0.001 0 5.03781e-07 0 0 1
Step 422 0.422 0.001 0 5.8728e-07 0 0 1
Step 423 0.423 0.001 1 8.22753e-16 0 0 1
Step 424 0.424 0.001 0 8.8794e-07 0 0 1
Step 425 0.425 0.001 0 6.83031e-07 0 0 1
Step 426 0.426 0.001 1 2.85547e-17 0 0 1
Step 427 0.427 0.001 1 2.68642e-16 0 0 1
Step 428 0.428 0.001 0 3.18804e-07 0 0 1
Step 429 0.429 0.001 0 1.06275e-07 0 0 1
Step 430 0.43 0.001 0 7.79435e-07 0 0 1
Step 431 0.431 0.001 0 2.36653e-08 0 0 1
Step 432 0.432 0.001 1 1.15613e-15 0 0 1
Step 433 0.433 0.001 0 8.09899e-07 0 0 1
Step 434 0.434 0.001 0 2.30581e-07 0 0 1
Step 435 0.435 0.001 1 9.07847e-16 0 0 1
Step 436 0.436 0.001 0 1.5637e-07 0 0 1
Step 437 0.437 0.001 0 4.36531e-07 0 0 1
Step 438 0.438 0.001 0 5.10393e-07 0 0 1
Step 439 0.439 0.001 0 9.28163e-07 0 0 1
Step 440 0.44 0.001 0 7.72758e-07 0 0 1
Step 441 0.441 0.001 1 2.22616e-16 0 0 1
Step 442 0.442 0.001 0 7.80391e-07 0 0 1
Step 443 0.443 0.001 1 1.4803e-15 0 0 1
Step 444 0.444 0.001 1 1.44373e-15 0 0 1
Step 445 0.445 0.001 0 8.08245e-07 0 0 1
Step 446 0.446 0.001 0 2.69452e-07 0 0 1
Step 447 0.447 0.001 1 4.54639e-16 0 0 1
Step 448 0.448 0.001 0 5.9861e-08 0 0 1
Step 449 0.449 0.001 0 4.69164e-07 0 0 1
Step 450 0.45 0.001 0 2.96077e-07 0 0 1
Step 451 0.451 0.001 1 9.64793e-17 0 0 1
Step 452 0.452 0.001 0 2.73495e-07 0 0 1
Step 453 0.453 0.001 0 4.02543e-07 0 0 1
Step 454 0.454 0.001 0 5.04041e-07 0 0 1
Step 455 0.455 0.001 1 8.89443e-17 0 0 1
Step 456 0.456 0.001 1 1.04174e-15 0 0 1
Step 457 0.457 0.001 0 3.60974e-07 0 0 1
Step 458 0.458 0.001 0 1.20315e-07 0 0 1
Step 459 0.459 0.001 0 8.82593e-07 0 0 1
Step 460 0.46 0.001 0 2.67606e-08 0 0 1
Step 461 0.461 0.001 1 2.17267e-15 0 0 1
Step 462 0.462 0.001 0 9.17131e-07 0 0 1
Step 463 0.463 0.001 0 2.61142e-07 0 0 1
Step 464 0.464 0.001 1 5.73963e-16 0 0 1
Step 465 0.465 0.001 0 1.77001e-07 0 0 1
Step 466 0.466 0.001 0 4.94485e-07 0 0 1
Step 467 0.467 0.001 0 5.78e-07 0 0 1
Step 468 0.468 0.001 1 1.58369e-15 0 0 1
Step 469 0.469 0.001 0 8.7524e-07 0 0 1
Step 470 0.47 0.001 0 6.71903e-07 0 0 1
Step 471 0.471 0.001 1 1.60653e-15 0 0 1
Step 472 0.472 0.001 1 1.15152e-15 0 0 1
Step 473 0.473 0.001 0 3.13145e-07 0 0 1
Step 474 0.474 0.001 0 1.04362e-07 0 0 1
Step 475 0.475 0.001 0 7.65747e-07 0 0 1
Step 476 0.476 0.001 0 2.32624e-08 0 0 1
Step 477 0.477 0.001 1 1.22839e-15 0 0 1
Step 478 0.478 0.001 0 7.95845e-07 0 0 1
Step 479 0.479 0.001 0 2.26468e-07 0 0 1
Step 480 0.48 0.001 1 2.28078e-15 0 0 1
Step 481 0.481 0.001 0 1.54108e-07 0 0 1
Step 482 0.482 0.001 0 4.28928e-07 0 0 1
Step 483 0.483 0.001 0 5.02697e-07 0 0 1
Step 484 0.484 0.001 0 9.11696e-07 0 0 1
Step 485 0.485 0.001 0 7.62089e-07 0 0 1
Step 486 0.486 0.001 1 9.85041e-16 0 0 1
Step 487 0.487 0.001 0 7.73161e-07 0 0 1
Step 488 0.488 0.001 1 2.41105e-15 0 0 1
Step 489 0.489 0.001 1 2.00323e-15 0 0 1
Step 490 0.49 0.001 0 8e-07 0 0 1
Step 491 0.491 0.001 0 2.66688e-07 0 0 1
Step 492 0.492 0.001 1 4.54132e-15 0 0 1
Step 493 0.493 0.001 0 5.92597e-08 0 0 1
Step 494 0.494 0.001 0 4.64358e-07 0 0 1
Step 495 0.495 0.001 0 2.93112e-07 0 0 1
Step 496 0.496 0.001 1 9.943e-16 0 0 1
Step 497 0.497 0.001 0 2.70763e-07 0 0 1
Step 498 0.498 0.001 0 3.98295e-07 0 0 1
Step 499 0.499 0.001 0 4.99148e-07 0 0 1
Step 500 0.5 0.001 1 5.93149e-16 0 0 1
Step 501 0.501 0.001 1 3.06539e-15 0 0 1
Step 502 0.502 0.001 0 3.57363e-07 0 0 1
Step 503 0.503 0.001 0 1.19083e-07 0 0 1
Step 504 0.504 0.001 0 8.7367e-07 0 0 1
Step 505 0.505 0.001 0 2.66218e-08 0 0 1
Step 506 0.506 0.001 1 1.35814e-15 0 0 1
Step 507 0.507 0.001 0 9.08183e-07 0 0 1
Step 508 0.508 0.001 0 2.5842e-07 0 0 1
Step 509 0.509 0.001 1 1.37039e-15 0 0 1
Step 510 0.51 0.001 0 1.75622e-07 0 0 1
Step 511 0.511 0.001 0 4.89359e-07 0 0 1
Step 512 0.512 0.001 0 5.72883e-07 0 0 1
Step 513 0.513 0.001 1 1.29254e-15 0 0 1
Step 514 0.514 0.001 0 8.67941e-07 0 0 1
Step 515 0.515 0.001 0 6.65873e-07 0 0 1
Step 516 0.516 0.001 1 9.16843e-15 0 0 1
Step 517 0.517 0.001 1 4.72034e-15 0 0 1
Step 518 0.518 0.001 0 3.10087e-07 0 0 1
Step 519 0.519 0.001 0 1.03335e-07 0 0 1
Step 520 0.52 0.001 0 7.58186e-07 0 0 1
Step 521 0.521 0.001 0 2.31351e-08 0 0 1
Step 522 0.522 0.001 1 1.83497e-15 0 0 1
Step 523 0.523 0.001 0 7.88168e-07 0 0 1
Step 524 0.524 0.001 0 2.24183e-07 0 0 1
Step 525 0.525 0.001 1 2.55482e-15 0 0 1
Step 526 0.526 0.001 0 1.5266e-07 0 0 1
Step 527 0.527 0.001 0 4.24698e-07 0 0 1
Step 528 0.528 0.001 0 4.97823e-07 0 0 1
Step 529 0.529 0.001 0 9.02652e-07 0 0 1
Step 530 0.53 0.001 0 7.54626e-07 0 0 1
Step 531 0.531 0.001 1 5.70452e-15 0 0 1
Step 532 0.532 0.001 0 7.65751e-07 0 0 1
Step 533 0.533 0.001 1 9.94357e-15 0 0 1
Step 534 0.534 0.001 1 6.24348e-15 0 0 1
Step 535 0.535 0.001 0 7.92451e-07 0 0 1
Step 536 0.536 0.001 0 2.64166e-07 0 0 1
Step 537 0.537 0.001 1 1.15668e-14 0 0 1
Step 538 0.538 0.001 0 5.88005e-08 0 0 1
Step 539 0.539 0.001 0 4.6001e-07 0 0 1
Step 540 0.54 0.001 0 2.90567e-07 0 0 1
Step 541 0.541 0.001 1 1.231e-14 0 0 1
Step 542 0.542 0.001 0 2.68675e-07 0 0 1
Step 543 0.543 0.001 0 3.94963e-07 0 0 1
Step 544 0.544 0.001 0 4.95462e-07 0 0 1
Step 545 0.545 0.001 1 3.27246e-15 0 0 1
Step 546 0.546 0.001 1 3.1788e-15 0 0 1
Step 547 0.547 0.001 0 3.54922e-07 0 0 1
Step 548 0.548 0.001 0 1.18383e-07 0 0 1
Step 549 0.549 0.001 0 8.67984e-07 0 0 1
Step 550 0.55 0.001 0 2.61682e-08 0 0 1
Step 551 0.551 0.001 1 1.77736e-15 0 0 1
Step 552 0.552 0.001 0 9.01636e-07 0 0 1
Step 553 0.553 0.001 0 2.56919e-07 0 0 1
Step 554 0.554 0.001 1 2.60725e-15 0 0 1
Step 555 0.555 0.001 0 1.73598e-07 0 0 1
Step 556 0.556 0.001 0 4.86249e-07 0 0 1
Step 557 0.557 0.001 0 5.6734e-07 0 0 1
Step 558 0.558 0.001 1 3.77504e-15 0 0 1
Step 559 0.559 0.001 0 8.58323e-07 0 0 1
Step 560 0.56 0.001 0 6.59705e-07 0 0 1
Step 561 0.561 0.001 1 4.46472e-15 0 0 1
Step 562 0.562 0.001 1 4.57483e-15 0 0 1
Step 563 0.563 0.001 0 3.07814e-07 0 0 1
Step 564 0.564 0.001 0 1.02527e-07 0 0 1
Step 565 0.565 0.001 0 7.52646e-07 0 0 1
Step 566 0.566 0.001 0 2.3007e-08 0 0 1
Step 567 0.567 0.001 1 1.11131e-14 0 0 1
Step 568 0.568 0.001 0 7.82451e-07 0 0 1
Step 569 0.569 0.001 0 2.225e-07 0 0 1
Step 570 0.57 0.001 1 2.15909e-15 0 0 1
Step 571 0.571 0.001 0 1.51732e-07 0 0 1
Step 572 0.572 0.001 0 4.21635e-07 0 0 1
Step 573 0.573 0.001 0 4.94766e-07 0 0 1
Step 574 0.574 0.001 0 8.95974e-07 0 0 1
Step 575 0.575 0.001 0 7.50504e-07 0 0 1
Step 576 0.576 0.001 1 4.18773e-15 0 0 1
Step 577 0.577 0.001 0 7.63472e-07 0 0 1
Step 578 0.578 0.001 0 9.96868e-07 0 0 1
Step 579 0.579 0.001 1 3.92231e-15 0 0 1
Step 580 0.58 0.001 1 4.09514e-15 0 0 1
Step 581 0.581 0.001 0 6.23131e-07 0 0 1
Step 582 0.582 0.001 0 2.07862e-07 0 0 1
Step 583 0.583 0.001 1 4.49405e-15 0 0 1
Step 584 0.584 0.001 0 4.58797e-08 0 0 1
Step 585 0.585 0.001 0 3.61819e-07 0 0 1
Step 586 0.586 0.001 0 2.27724e-07 0 0 1
Step 587 0.587 0.001 0 8.43907e-07 0 0 1
Step 588 0.588 0.001 0 2.09546e-07 0 0 1
Step 589 0.589 0.001 1 8.69488e-15 0 0 1
Step 590 0.59 0.001 0 3.64797e-07 0 0 1
Step 591 0.591 0.001 0 4.70975e-07 0 0 1
Step 592 0.592 0.001 1 1.11204e-15 0 0 1
Step 593 0.593 0.001 0 8.27242e-07 0 0 1
Step 594 0.594 0.001 0 5.09502e-07 0 0 1
Step 595 0.595 0.001 1 1.19429e-15 0 0 1
Step 596 0.596 0.001 1 4.66408e-15 0 0 1
Step 597 0.597 0.001 0 1.89035e-07 0 0 1
Step 598 0.598 0.001 0 6.30252e-08 0 0 1
Step 599 0.599 0.001 0 4.62227e-07 0 0 1
Step 600 0.6 0.001 0 1.38858e-08 0 0 1
Step 601 0.601 0.001 0 9.69189e-07 0 0 1
Step 602 0.602 0.001 0 4.80029e-07 0 0 1
Step 603 0.603 0.001 1 1.58337e-15 0 0 1
Step 604 0.604 0.001 1 5.80614e-15 0 0 1
Step 605 0.605 0.001 0 1.244e-07 0 0 1
Step 606 0.606 0.001 0 4.14504e-08 0 0 1
Step 607 0.607 0.001 0 3.04143e-07 0 0 1
Step 608 0.608 0.001 0 9.24315e-09 0 0 1
Step 609 0.609 0.001 0 6.3777e-07 0 0 1
Step 610 0.61 0.001 0 3.16019e-07 0 0 1
Step 611 0.611 0.001 1 4.21858e-15 0 0 1
Step 612 0.612 0.001 1 1.38757e-15 0 0 1
Step 613 0.613 0.001 0 8.20219e-08 0 0 1
Step 614 0.614 0.001 0 2.72757e-08 0 0 1
Step 615 0.615 0.001 0 2.00643e-07 0 0 1
Step 616 0.616 0.001 0 6.18388e-09 0 0 1
Step 617 0.617 0.001 0 4.20736e-07 0 0 1
Step 618 0.618 0.001 0 2.08638e-07 0 0 1
Step 619 0.619 0.001 0 9.22738e-07 0 0 1
Step 620 0.62 0.001 0 8.80846e-07 0 0 1
Step 621 0.621 0.001 1 5.9791e-15 0 0 1
Step 622 0.622 0.001 1 4.72157e-15 0 0 1
Step 623 0.623 0.001 0 5.15852e-07 0 0 1
Step 624 0.624 0.001 0 1.72026e-07 0 0 1
Step 625 0.625 0.001 1 3.34963e-15 0 0 1
Step 626 0.626 0.001 0 3.80612e-08 0 0 1
Step 627 0.627 0.001 0 2.9949e-07 0 0 1
Step 628 0.628 0.001 0 1.8857e-07 0 0 1
Step 629 0.629 0.001 0 6.98446e-07 0 0 1
Step 630 0.63 0.001 0 1.73601e-07 0 0 1
Step 631 0.631 0.001 1 4.14703e-16 0 0 1
Step 632 0.632 0.001 0 3.01582e-07 0 0 1
Step 633 0.633 0.001 0 3.90095e-07 0 0 1
Step 634 0.634 0.001 0 8.33983e-07 0 0 1
Step 635 0.635 0.001 0 6.85767e-07 0 0 1
Step 636 0.636 0.001 1 4.56389e-15 0 0 1
Step 637 0.637 0.001 0 7.18188e-07 0 0 1
Step 638 0.638 0.001 0 9.03906e-07 0 0 1
Step 639 0.639 0.001 1 1.34033e-14 0 0 1
Step 640 0.64 0.001 1 7.22087e-15 0 0 1
Step 641 0.641 0.001 0 5.57507e-07 0 0 1
Step 642 0.642 0.001 0 1.86024e-07 0 0 1
Step 643 0.643 0.001 1 9.28337e-15 0 0 1
Step 644 0.644 0.001 0 4.08599e-08 0 0 1
Step 645 0.645 0.001 0 3.23944e-07 0 0 1
Step 646 0.646 0.001 0 2.03212e-07 0 0 1
Step 647 0.647 0.001 0 7.55783e-07 0 0 1
Step 648 0.648 0.001 0 1.86119e-07 0 0 1
Step 649 0.649 0.001 1 7.07853e-15 0 0 1
Step 650 0.65 0.001 0 3.30154e-07 0 0 1
Step 651 0.651 0.001 0 4.20361e-07 0 0 1
Step 652 0.652 0.001 0 9.11007e-07 0 0 1
Step 653 0.653 0.001 0 7.34271e-07 0 0 1
Step 654 0.654 0.001 1 1.31161e-14 0 0 1
Step 655 0.655 0.001 0 7.51641e-07 0 0 1
Step 656 0.656 0.001 0 9.7372e-07 0 0 1
Step 657 0.657 0.001 1 9.12944e-15 0 0 1
Step 658 0.658 0.001 1 5.28957e-15 0 0 1
Step 659 0.659 0.001 0 6.07297e-07 0 0 1
Step 660 0.66 0.001 0 2.02534e-07 0 0 1
Step 661 0.661 0.001 1 1.64946e-16 0 0 1
Step 662 0.662 0.001 0 4.48032e-08 0 0 1
Step 663 0.663 0.001 0 3.52601e-07 0 0 1
Step 664 0.664 0.001 0 2.22146e-07 0 0 1
Step 665 0.665 0.001 0 8.22318e-07 0 0 1
Step 666 0.666 0.001 0 2.04611e-07 0 0 1
Step 667 0.667 0.001 1 6.2183e-15 0 0 1
Step 668 0.668 0.001 0 3.54664e-07 0 0 1
Step 669 0.669 0.001 0 4.5948e-07 0 0 1
Step 670 0.67 0.001 0 9.81e-07 0 0 1
Step 671 0.671 0.001 0 8.08079e-07 0 0 1
Step 672 0.672 0.001 1 3.58532e-15 0 0 1
Step 673 0.673 0.001 0 8.47984e-07 0 0 1
Step 674 0.674 0.001 1 1.1276e-14 0 0 1
Step 675 0.675 0.001 1 5.26612e-16 0 0 1
Step 676 0.676 0.001 0 8.72322e-07 0 0 1
Step 677 0.677 0.001 0 2.90855e-07 0 0 1
Step 678 0.678 0.001 1 1.38431e-15 0 0 1
Step 679 0.679 0.001 0 6.44923e-08 0 0 1
Step 680 0.68 0.001 0 5.06534e-07 0 0 1
Step 681 0.681 0.001 0 3.19525e-07 0 0 1
Step 682 0.682 0.001 1 3.23202e-15 0 0 1
Step 683 0.683 0.001 0 2.95123e-07 0 0 1
Step 684 0.684 0.001 0 4.34466e-07 0 0 1
Step 685 0.685 0.001 0 5.43916e-07 0 0 1
Step 686 0.686 0.001 1 9.66432e-15 0 0 1
Step 687 0.687 0.001 1 6.05e-15 0 0 1
Step 688 0.688 0.001 0 3.89452e-07 0 0 1
Step 689 0.689 0.001 0 1.299e-07 0 0 1
Step 690 0.69 0.001 0 9.5213e-07 0 0 1
Step 691 0.691 0.001 0 2.87317e-08 0 0 1
Step 692 0.692 0.001 1 1.21886e-14 0 0 1
Step 693 0.693 0.001 0 9.89379e-07 0 0 1
Step 694 0.694 0.001 0 2.82124e-07 0 0 1
Step 695 0.695 0.001 1 2.62678e-15 0 0 1
Step 696 0.696 0.001 0 1.90078e-07 0 0 1
Step 697 0.697 0.001 0 5.33761e-07 0 0 1
Step 698 0.698 0.001 0 6.21623e-07 0 0 1
Step 699 0.699 0.001 1 3.35097e-15 0 0 1
Step 700 0.7 0.001 0 9.39462e-07 0 0 1
Step 701 0.701 0.001 0 7.23395e-07 0 0 1
Step 702 0.702 0.001 1 3.64163e-15 0 0 1
Step 703 0.703 0.001 1 9.51724e-15 0 0 1
Step 704 0.704 0.001 0 3.3808e-07 0 0 1
Step 705 0.705 0.001 0 1.12757e-07 0 0 1
Step 706 0.706 0.001 0 8.26685e-07 0 0 1
Step 707 0.707 0.001 0 2.50343e-08 0 0 1
Step 708 0.708 0.001 1 1.92929e-15 0 0 1
Step 709 0.709 0.001 0 8.58941e-07 0 0 1
Step 710 0.71 0.001 0 2.44675e-07 0 0 1
Step 711 0.711 0.001 1 1.19564e-14 0 0 1
Step 712 0.712 0.001 0 1.65714e-07 0 0 1
Step 713 0.713 0.001 0 4.63211e-07 0 0 1
Step 714 0.714 0.001 0 5.4117e-07 0 0 1
Step 715 0.715 0.001 0 9.85288e-07 0 0 1
Step 716 0.716 0.001 0 8.19423e-07 0 0 1
Step 717 0.717 0.001 1 1.34384e-14 0 0 1
Step 718 0.718 0.001 0 8.26655e-07 0 0 1
Step 719 0.719 0.001 1 2.46459e-15 0 0 1
Step 720 0.72 0.001 1 6.36164e-15 0 0 1
Step 721 0.721 0.001 0 8.565e-07 0 0 1
Step 722 0.722 0.001 0 2.85741e-07 0 0 1
Step 723 0.723 0.001 1 1.54758e-14 0 0 1
Step 724 0.724 0.001 0 6.3146e-08 0 0 1
Step 725 0.725 0.001 0 4.97479e-07 0 0 1
Step 726 0.726 0.001 0 3.13238e-07 0 0 1
Step 727 0.727 0.001 1 5.82532e-15 0 0 1
Step 728 0.728 0.001 0 2.88189e-07 0 0 1
Step 729 0.729 0.001 0 4.26278e-07 0 0 1
Step 730 0.73 0.001 0 5.30388e-07 0 0 1
Step 731 0.731 0.001 1 3.87113e-15 0 0 1
Step 732 0.732 0.001 1 2.36635e-14 0 0 1
Step 733 0.733 0.001 0 3.79057e-07 0 0 1
Step 734 0.734 0.001 0 1.26312e-07 0 0 1
Step 735 0.735 0.001 0 9.26894e-07 0 0 1
Step 736 0.736 0.001 0 2.80966e-08 0 0 1
Step 737 0.737 0.001 1 3.29288e-15 0 0 1
Step 738 0.738 0.001 0 9.63361e-07 0 0 1
Step 739 0.739 0.001 0 2.74356e-07 0 0 1
Step 740 0.74 0.001 1 1.39851e-14 0 0 1
Step 741 0.741 0.001 0 1.86057e-07 0 0 1
Step 742 0.742 0.001 0 5.19573e-07 0 0 1
Step 743 0.743 0.001 0 6.07645e-07 0 0 1
Step 744 0.744 0.001 1 2.2052e-14 0 0 1
Step 745 0.745 0.001 0 9.20519e-07 0 0 1
Step 746 0.746 0.001 0 7.06333e-07 0 0 1
Step 747 0.747 0.001 1 3.22201e-16 0 0 1
Step 748 0.748 0.001 1 9.10709e-16 0 0 1
Step 749 0.749 0.001 0 3.28944e-07 0 0 1
Step 750 0.75 0.001 0 1.0973e-07 0 0 1
Step 751 0.751 0.001 0 8.04388e-07 0 0 1
Step 752 0.752 0.001 0 2.41428e-08 0 0 1
Step 753 0.753 0.001 1 6.43951e-15 0 0 1
Step 754 0.754 0.001 0 8.35228e-07 0 0 1
Step 755 0.755 0.001 0 2.38229e-07 0 0 1
Step 756 0.756 0.001 1 7.16976e-15 0 0 1
Step 757 0.757 0.001 0 1.60366e-07 0 0 1
Step 758 0.758 0.001 0 4.50759e-07 0 0 1
Step 759 0.759 0.001 0 5.24619e-07 0 0 1
Step 760 0.76 0.001 0 9.59818e-07 0 0 1
Step 761 0.761 0.001 0 7.92993e-07 0 0 1
Step 762 0.762 0.001 1 7.53734e-15 0 0 1
Step 763 0.763 0.001 0 7.93693e-07 0 0 1
Step 764 0.764 0.001 1 6.26134e-15 0 0 1
Step 765 0.765 0.001 1 1.39e-14 0 0 1
Step 766 0.766 0.001 0 8.23262e-07 0 0 1
Step 767 0.767 0.001 0 2.74203e-07 0 0 1
Step 768 0.768 0.001 1 6.00507e-15 0 0 1
Step 769 0.769 0.001 0 6.15694e-08 0 0 1
Step 770 0.77 0.001 0 4.77766e-07 0 0 1
Step 771 0.771 0.001 0 3.02936e-07 0 0 1
Step 772 0.772 0.001 1 4.51476e-15 0 0 1
Step 773 0.773 0.001 0 2.81584e-07 0 0 1
Step 774 0.774 0.001 0 4.11276e-07 0 0 1
Step 775 0.775 0.001 0 5.20185e-07 0 0 1
Step 776 0.776 0.001 1 8.079e-15 0 0 1
Step 777 0.777 0.001 1 7.69341e-16 0 0 1
Step 778 0.778 0.001 0 3.73649e-07 0 0 1
Step 779 0.779 0.001 0 1.24697e-07 0 0 1
Step 780 0.78 0.001 0 9.13735e-07 0 0 1
Step 781 0.781 0.001 0 2.74467e-08 0 0 1
Step 782 0.782 0.001 1 9.88003e-15 0 0 1
Step 783 0.783 0.001 0 9.49263e-07 0 0 1
Step 784 0.784 0.001 0 2.70782e-07 0 0 1
Step 785 0.785 0.001 1 7.39959e-15 0 0 1
Step 786 0.786 0.001 0 1.82007e-07 0 0 1
Step 787 0.787 0.001 0 5.12149e-07 0 0 1
Step 788 0.788 0.001 0 5.95531e-07 0 0 1
Step 789 0.789 0.001 1 1.22815e-14 0 0 1
Step 790 0.79 0.001 0 8.99504e-07 0 0 1
Step 791 0.791 0.001 0 6.93279e-07 0 0 1
Step 792 0.792 0.001 1 1.84292e-14 0 0 1
Step 793 0.793 0.001 1 1.50329e-14 0 0 1
Step 794 0.794 0.001 0 3.24266e-07 0 0 1
Step 795 0.795 0.001 0 1.08336e-07 0 0 1
Step 796 0.796 0.001 0 7.9279e-07 0 0 1
Step 797 0.797 0.001 0 2.33432e-08 0 0 1
Step 798 0.798 0.001 1 1.12936e-14 0 0 1
Step 799 0.799 0.001 0 8.22488e-07 0 0 1
Step 800 0.8 0.001 0 2.35334e-07 0 0 1
Step 801 0.801 0.001 1 2.07749e-14 0 0 1
Step 802 0.802 0.001 0 1.56063e-07 0 0 1
Step 803 0.803 0.001 0 4.44434e-07 0 0 1
Step 804 0.804 0.001 0 5.1225e-07 0 0 1
Step 805 0.805 0.001 0 9.4791e-07 0 0 1
Step 806 0.806 0.001 0 7.70534e-07 0 0 1
Step 807 0.807 0.001 1 2.48825e-14 0 0 1
Step 808 0.808 0.001 0 7.56455e-07 0 0 1
Step 809 0.809 0.001 1 7.36896e-15 0 0 1
Step 810 0.81 0.001 1 1.65445e-14 0 0 1
Step 811 0.811 0.001 0 7.87182e-07 0 0 1
Step 812 0.812 0.001 0 2.62544e-07 0 0 1
Step 813 0.813 0.001 1 1.86486e-15 0 0 1
Step 814 0.814 0.001 0 5.79097e-08 0 0 1
Step 815 0.815 0.001 0 4.56952e-07 0 0 1
Step 816 0.816 0.001 0 2.8735e-07 0 0 1
Step 817 0.817 0.001 1 1.16205e-15 0 0 1
Step 818 0.818 0.001 0 2.63935e-07 0 0 1
Step 819 0.819 0.001 0 3.90899e-07 0 0 1
Step 820 0.82 0.001 0 4.85456e-07 0 0 1
Step 821 0.821 0.001 1 2.46466e-14 0 0 1
Step 822 0.822 0.001 1 2.19089e-15 0 0 1
Step 823 0.823 0.001 0 3.46429e-07 0 0 1
Step 824 0.824 0.001 0 1.15634e-07 0 0 1
Step 825 0.825 0.001 0 8.471e-07 0 0 1
Step 826 0.826 0.001 0 2.48932e-08 0 0 1
Step 827 0.827 0.001 1 6.42545e-15 0 0 1
Step 828 0.828 0.001 0 8.78222e-07 0 0 1
Step 829 0.829 0.001 0 2.51108e-07 0 0 1
Step 830 0.83 0.001 1 1.68526e-14 0 0 1
Step 831 0.831 0.001 0 1.66853e-07 0 0 1
Step 832 0.832 0.001 0 4.743e-07 0 0 1
Step 833 0.833 0.001 0 5.47737e-07 0 0 1
Step 834 0.834 0.001 1 8.5954e-16 0 0 1
Step 835 0.835 0.001 0 8.24763e-07 0 0 1
Step 836 0.836 0.001 0 6.37969e-07 0 0 1
Step 837 0.837 0.001 1 2.02564e-14 0 0 1
Step 838 0.838 0.001 1 1.22705e-14 0 0 1
Step 839 0.839 0.001 0 2.99026e-07 0 0 1
Step 840 0.84 0.001 0 9.95856e-08 0 0 1
Step 841 0.841 0.001 0 7.30883e-07 0 0 1
Step 842 0.842 0.001 0 2.2252e-08 0 0 1
Step 843 0.843 0.001 1 6.1006e-15 0 0 1
Step 844 0.844 0.001 0 7.59421e-07 0 0 1
Step 845 0.845 0.001 0 2.16145e-07 0 0 1
Step 846 0.846 0.001 1 2.82416e-15 0 0 1
Step 847 0.847 0.001 0 1.46916e-07 0 0 1
Step 848 0.848 0.001 0 4.09205e-07 0 0 1
Step 849 0.849 0.001 0 4.79415e-07 0 0 1
Step 850 0.85 0.001 0 8.70162e-07 0 0 1
Step 851 0.851 0.001 0 7.27023e-07 0 0 1
Step 852 0.852 0.001 1 2.31138e-14 0 0 1
Step 853 0.853 0.001 0 7.37196e-07 0 0 1
Step 854 0.854 0.001 0 9.65977e-07 0 0 1
Step 855 0.855 0.001 1 1.4644e-14 0 0 1
Step 856 0.856 0.001 1 2.41626e-14 0 0 1
Step 857 0.857 0.001 0 6.04759e-07 0 0 1
Step 858 0.858 0.001 0 2.01656e-07 0 0 1
Step 859 0.859 0.001 1 1.55255e-14 0 0 1
Step 860 0.86 0.001 0 4.4697e-08 0 0 1
Step 861 0.861 0.001 0 3.5084e-07 0 0 1
Step 862 0.862 0.001 0 2.20959e-07 0 0 1
Step 863 0.863 0.001 0 8.1782e-07 0 0 1
Step 864 0.864 0.001 0 2.03434e-07 0 0 1
Step 865 0.865 0.001 1 1.59905e-14 0 0 1
Step 866 0.866 0.001 0 3.52704e-07 0 0 1
Step 867 0.867 0.001 0 4.56666e-07 0 0 1
Step 868 0.868 0.001 0 9.75414e-07 0 0 1
Step 869 0.869 0.001 0 8.02963e-07 0 0 1
Step 870 0.87 0.001 1 9.87661e-15 0 0 1
Step 871 0.871 0.001 0 8.42384e-07 0 0 1
Step 872 0.872 0.001 1 1.89041e-14 0 0 1
Step 873 0.873 0.001 1 7.18506e-15 0 0 1
Step 874 0.874 0.001 0 8.66548e-07 0 0 1
Step 875 0.875 0.001 0 2.88623e-07 0 0 1
Step 876 0.876 0.001 1 1.24682e-14 0 0 1
Step 877 0.877 0.001 0 6.46222e-08 0 0 1
Step 878 0.878 0.001 0 5.02583e-07 0 0 1
Step 879 0.879 0.001 0 3.18256e-07 0 0 1
Step 880 0.88 0.001 1 9.24016e-15 0 0 1
Step 881 0.881 0.001 0 2.9545e-07 0 0 1
Step 882 0.882 0.001 0 4.31757e-07 0 0 1
Step 883 0.883 0.001 0 5.45251e-07 0 0 1
Step 884 0.884 0.001 1 3.18011e-14 0 0 1
Step 885 0.885 0.001 1 4.7381e-14 0 0 1
Step 886 0.886 0.001 0 3.9125e-07 0 0 1
Step 887 0.887 0.001 0 1.30298e-07 0 0 1
Step 888 0.888 0.001 0 9.56402e-07 0 0 1
Step 889 0.889 0.001 0 2.93069e-08 0 0 1
Step 890 0.89 0.001 1 5.28917e-14 0 0 1
Step 891 0.891 0.001 0 9.94439e-07 0 0 1
Step 892 0.892 0.001 0 2.82588e-07 0 0 1
Step 893 0.893 0.001 1 1.54453e-14 0 0 1
Step 894 0.894 0.001 0 1.93222e-07 0 0 1
Step 895 0.895 0.001 0 5.35354e-07 0 0 1
Step 896 0.896 0.001 0 6.29298e-07 0 0 1
Step 897 0.897 0.001 1 3.18921e-14 0 0 1
Step 898 0.898 0.001 0 9.54759e-07 0 0 1
Step 899 0.899 0.001 0 7.30785e-07 0 0 1
Step 900 0.9 0.001 1 1.3175e-14 0 0 1
Step 901 0.901 0.001 1 2.91081e-14 0 0 1
Step 902 0.902 0.001 0 3.39615e-07 0 0 1
Step 903 0.903 0.001 0 1.12989e-07 0 0 1
Step 904 0.904 0.001 0 8.30305e-07 0 0 1
Step 905 0.905 0.001 0 2.60645e-08 0 0 1
Step 906 0.906 0.001 1 1.65935e-15 0 0 1
Step 907 0.907 0.001 0 8.64296e-07 0 0 1
Step 908 0.908 0.001 0 2.44902e-07 0 0 1
Step 909 0.909 0.001 1 1.12454e-14 0 0 1
Step 910 0.91 0.001 0 1.69523e-07 0 0 1
Step 911 0.911 0.001 0 4.64824e-07 0 0 1
Step 912 0.912 0.001 0 5.50661e-07 0 0 1
Step 913 0.913 0.001 0 9.85388e-07 0 0 1
Step 914 0.914 0.001 0 8.38905e-07 0 0 1
Step 915 0.915 0.001 1 2.08963e-14 0 0 1
Step 916 0.916 0.001 0 8.6916e-07 0 0 1
Step 917 0.917 0.001 1 1.46765e-14 0 0 1
Step 918 0.918 0.001 1 1.28012e-14 0 0 1
Step 919 0.919 0.001 0 8.9623e-07 0 0 1
Step 920 0.92 0.001 0 2.98827e-07 0 0 1
Step 921 0.921 0.001 1 2.29067e-14 0 0 1
Step 922 0.922 0.001 0 6.62532e-08 0 0 1
Step 923 0.923 0.001 0 5.2014e-07 0 0 1
Step 924 0.924 0.001 0 3.27703e-07 0 0 1
Step 925 0.925 0.001 1 4.40943e-15 0 0 1
Step 926 0.926 0.001 0 3.02067e-07 0 0 1
Step 927 0.927 0.001 0 4.45701e-07 0 0 1
Step 928 0.928 0.001 0 5.56312e-07 0 0 1
Step 929 0.929 0.001 1 4.37346e-14 0 0 1
Step 930 0.93 0.001 1 2.10639e-14 0 0 1
Step 931 0.931 0.001 0 3.97929e-07 0 0 1
Step 932 0.932 0.001 0 1.32552e-07 0 0 1
Step 933 0.933 0.001 0 9.73255e-07 0 0 1
Step 934 0.934 0.001 0 2.96106e-08 0 0 1
Step 935 0.935 0.001 1 1.28491e-14 0 0 1
Step 936 0.936 0.001 1 2.3547e-14 0 0 1
Step 937 0.937 0.001 0 2.87567e-07 0 0 1
Step 938 0.938 0.001 0 9.61397e-08 0 0 1
Step 939 0.939 0.001 0 7.03137e-07 0 0 1
Step 940 0.94 0.001 0 2.03548e-08 0 0 1
Step 941 0.941 0.001 1 1.64816e-14 0 0 1
Step 942 0.942 0.001 0 7.28793e-07 0 0 1
Step 943 0.943 0.001 0 2.09343e-07 0 0 1
Step 944 0.944 0.001 1 6.05863e-15 0 0 1
Step 945 0.945 0.001 0 1.36095e-07 0 0 1
Step 946 0.946 0.001 0 3.94429e-07 0 0 1
Step 947 0.947 0.001 0 4.49033e-07 0 0 1
Step 948 0.948 0.001 0 8.43522e-07 0 0 1
Step 949 0.949 0.001 0 6.71085e-07 0 0 1
Step 950 0.95 0.001 1 2.90848e-14 0 0 1
Step 951 0.951 0.001 0 6.41031e-07 0 0 1
Step 952 0.952 0.001 0 9.04883e-07 0 0 1
Step 953 0.953 0.001 1 3.60716e-14 0 0 1
Step 954 0.954 0.001 1 1.53291e-14 0 0 1
Step 955 0.955 0.001 0 5.81515e-07 0 0 1
Step 956 0.956 0.001 0 1.93674e-07 0 0 1
Step 957 0.957 0.001 1 1.17237e-14 0 0 1
Step 958 0.958 0.001 0 4.35624e-08 0 0 1
Step 959 0.959 0.001 0 3.37653e-07 0 0 1
Step 960 0.96 0.001 0 2.1413e-07 0 0 1
Step 961 0.961 0.001 0 7.8642e-07 0 0 1
Step 962 0.962 0.001 0 1.99261e-07 0 0 1
Step 963 0.963 0.001 1 1.56752e-14 0 0 1
Step 964 0.964 0.001 0 3.31393e-07 0 0 1
Step 965 0.965 0.001 0 4.42442e-07 0 0 1
Step 966 0.966 0.001 0 9.21255e-07 0 0 1
Step 967 0.967 0.001 0 7.87222e-07 0 0 1
Step 968 0.968 0.001 1 6.4669e-15 0 0 1
Step 969 0.969 0.001 0 8.59898e-07 0 0 1
Step 970 0.97 0.001 1 1.93803e-15 0 0 1
Step 971 0.971 0.001 1 9.30719e-15 0 0 1
Step 972 0.972 0.001 0 8.78478e-07 0 0 1
Step 973 0.973 0.001 0 2.93136e-07 0 0 1
Step 974 0.974 0.001 1 1.98411e-14 0 0 1
Step 975 0.975 0.001 0 6.45298e-08 0 0 1
Step 976 0.976 0.001 0 5.10009e-07 0 0 1
Step 977 0.977 0.001 0 3.20708e-07 0 0 1
Step 978 0.978 0.001 1 8.55009e-15 0 0 1
Step 979 0.979 0.001 0 2.9492e-07 0 0 1
Step 980 0.98 0.001 0 4.36349e-07 0 0 1
Step 981 0.981 0.001 0 5.42941e-07 0 0 1
Step 982 0.982 0.001 1 6.18243e-15 0 0 1
Step 983 0.983 0.001 1 1.43677e-14 0 0 1
Step 984 0.984 0.001 0 3.88055e-07 0 0 1
Step 985 0.985 0.001 0 1.29472e-07 0 0 1
Step 986 0.986 0.001 0 9.48737e-07 0 0 1
Step 987 0.987 0.001 0 2.87522e-08 0 0 1
Step 988 0.988 0.001 1 2.26512e-14 0 0 1
Step 989 0.989 0.001 0 9.85912e-07 0 0 1
Step 990 0.99 0.001 0 2.80301e-07 0 0 1
Step 991 0.991 0.001 1 1.46077e-14 0 0 1
Step 992 0.992 0.001 0 1.91417e-07 0 0 1
Step 993 0.993 0.001 0 5.31429e-07 0 0 1
Step 994 0.994 0.001 0 6.24015e-07 0 0 1
Step 995 0.995 0.001 1 1.67633e-14 0 0 1
Step 996 0.996 0.001 0 9.47389e-07 0 0 1
Step 997 0.997 0.001 0 7.24545e-07 0 0 1
Step 998 0.998 0.001 1 3.60127e-15 0 0 1
Step 999 0.999 0.001 1 1.41913e-15 0 0 1
Step 1000 1 0.001 0 3.36735e-07 0 0 1
